2018-10-10 16:11:14 Error: [InvalidArgumentException] An invalid column type "tinyinteger" was specified for column "type". in C:\Program Files (x86)\Ampps\www\ProjectFrederik\vendor\robmorgan\phinx\src\Phinx\Db\Table.php on line 319
Stack Trace:
#0 C:\Program Files (x86)\Ampps\www\ProjectFrederik\vendor\cakephp\migrations\src\Table.php(57): Phinx\Db\Table->addColumn('type', 'tinyinteger', Array)
#1 C:\Program Files (x86)\Ampps\www\ProjectFrederik\config\Migrations\20181010155935_Initial.php(198): Migrations\Table->addColumn('type', 'tinyinteger', Array)
#2 C:\Program Files (x86)\Ampps\www\ProjectFrederik\vendor\robmorgan\phinx\src\Phinx\Migration\Manager\Environment.php(128): Initial->up()
#3 C:\Program Files (x86)\Ampps\www\ProjectFrederik\vendor\robmorgan\phinx\src\Phinx\Migration\Manager.php(387): Phinx\Migration\Manager\Environment->executeMigration(Object(Initial), 'up', false)
#4 C:\Program Files (x86)\Ampps\www\ProjectFrederik\vendor\robmorgan\phinx\src\Phinx\Migration\Manager.php(361): Phinx\Migration\Manager->executeMigration('default', Object(Initial), 'up', false)
#5 C:\Program Files (x86)\Ampps\www\ProjectFrederik\vendor\robmorgan\phinx\src\Phinx\Console\Command\Migrate.php(121): Phinx\Migration\Manager->migrate('default', '20181010155935', false)
#6 C:\Program Files (x86)\Ampps\www\ProjectFrederik\vendor\cakephp\migrations\src\Command\CommandTrait.php(35): Phinx\Console\Command\Migrate->execute(Object(Symfony\Component\Console\Input\ArgvInput), Object(Symfony\Component\Console\Output\ConsoleOutput))
#7 C:\Program Files (x86)\Ampps\www\ProjectFrederik\vendor\cakephp\migrations\src\Command\Migrate.php(67): Migrations\Command\Migrate->parentExecute(Object(Symfony\Component\Console\Input\ArgvInput), Object(Symfony\Component\Console\Output\ConsoleOutput))
#8 C:\Program Files (x86)\Ampps\www\ProjectFrederik\vendor\symfony\console\Command\Command.php(251): Migrations\Command\Migrate->execute(Object(Symfony\Component\Console\Input\ArgvInput), Object(Symfony\Component\Console\Output\ConsoleOutput))
#9 C:\Program Files (x86)\Ampps\www\ProjectFrederik\vendor\symfony\console\Application.php(886): Symfony\Component\Console\Command\Command->run(Object(Symfony\Component\Console\Input\ArgvInput), Object(Symfony\Component\Console\Output\ConsoleOutput))
#10 C:\Program Files (x86)\Ampps\www\ProjectFrederik\vendor\symfony\console\Application.php(262): Symfony\Component\Console\Application->doRunCommand(Object(Migrations\Command\Migrate), Object(Symfony\Component\Console\Input\ArgvInput), Object(Symfony\Component\Console\Output\ConsoleOutput))
#11 C:\Program Files (x86)\Ampps\www\ProjectFrederik\vendor\symfony\console\Application.php(145): Symfony\Component\Console\Application->doRun(Object(Symfony\Component\Console\Input\ArgvInput), Object(Symfony\Component\Console\Output\ConsoleOutput))
#12 C:\Program Files (x86)\Ampps\www\ProjectFrederik\vendor\cakephp\migrations\src\Shell\MigrationsShell.php(108): Symfony\Component\Console\Application->run(Object(Symfony\Component\Console\Input\ArgvInput), Object(Symfony\Component\Console\Output\ConsoleOutput))
#13 C:\Program Files (x86)\Ampps\www\ProjectFrederik\vendor\cakephp\cakephp\src\Console\Shell.php(532): Migrations\Shell\MigrationsShell->main('migrations', 'migrate')
#14 C:\Program Files (x86)\Ampps\www\ProjectFrederik\vendor\cakephp\migrations\src\Shell\MigrationsShell.php(164): Cake\Console\Shell->runCommand(Array, true, Array)
#15 C:\Program Files (x86)\Ampps\www\ProjectFrederik\vendor\cakephp\cakephp\src\Console\CommandRunner.php(342): Migrations\Shell\MigrationsShell->runCommand(Array, true)
#16 C:\Program Files (x86)\Ampps\www\ProjectFrederik\vendor\cakephp\cakephp\src\Console\CommandRunner.php(164): Cake\Console\CommandRunner->runShell(Object(Migrations\Shell\MigrationsShell), Array)
#17 C:\Program Files (x86)\Ampps\www\ProjectFrederik\bin\cake.php(12): Cake\Console\CommandRunner->run(Array)
#18 {main}


2018-10-10 16:23:20 Error: [PDOException] SQLSTATE[42S02]: Base table or view not found: 1146 Table 'clientproduit.order__items' doesn't exist in C:\Program Files (x86)\Ampps\www\ProjectFrederik\vendor\cakephp\cakephp\src\Database\Statement\MysqlStatement.php on line 39
Stack Trace:
#0 C:\Program Files (x86)\Ampps\www\ProjectFrederik\vendor\cakephp\cakephp\src\Database\Statement\MysqlStatement.php(39): PDOStatement->execute(NULL)
#1 C:\Program Files (x86)\Ampps\www\ProjectFrederik\vendor\cakephp\cakephp\src\Database\Connection.php(350): Cake\Database\Statement\MysqlStatement->execute()
#2 C:\Program Files (x86)\Ampps\www\ProjectFrederik\vendor\cakephp\cakephp\src\Core\Retry\CommandRetry.php(68): Cake\Database\Connection->Cake\Database\{closure}()
#3 C:\Program Files (x86)\Ampps\www\ProjectFrederik\vendor\cakephp\cakephp\src\Database\Connection.php(353): Cake\Core\Retry\CommandRetry->run(Object(Closure))
#4 C:\Program Files (x86)\Ampps\www\ProjectFrederik\vendor\cakephp\cakephp\src\Database\Connection.php(302): Cake\Database\Connection->query(Object(Cake\Database\Query))
#5 C:\Program Files (x86)\Ampps\www\ProjectFrederik\vendor\cakephp\cakephp\src\Core\Retry\CommandRetry.php(68): Cake\Database\Connection->Cake\Database\{closure}()
#6 C:\Program Files (x86)\Ampps\www\ProjectFrederik\vendor\cakephp\cakephp\src\Database\Connection.php(306): Cake\Core\Retry\CommandRetry->run(Object(Closure))
#7 C:\Program Files (x86)\Ampps\www\ProjectFrederik\vendor\cakephp\migrations\src\Shell\Task\SeedTask.php(111): Cake\Database\Connection->execute(Object(Cake\Database\Query))
#8 C:\Program Files (x86)\Ampps\www\ProjectFrederik\vendor\cakephp\bake\src\Shell\Task\SimpleBakeTask.php(104): Migrations\Shell\Task\SeedTask->templateData()
#9 C:\Program Files (x86)\Ampps\www\ProjectFrederik\vendor\cakephp\migrations\src\Shell\Task\SeedTask.php(130): Bake\Shell\Task\SimpleBakeTask->bake('OrderItems')
#10 C:\Program Files (x86)\Ampps\www\ProjectFrederik\vendor\cakephp\bake\src\Shell\Task\SimpleBakeTask.php(91): Migrations\Shell\Task\SeedTask->bake('OrderItems')
#11 C:\Program Files (x86)\Ampps\www\ProjectFrederik\vendor\cakephp\cakephp\src\Console\Shell.php(532): Bake\Shell\Task\SimpleBakeTask->main('OrderItems')
#12 C:\Program Files (x86)\Ampps\www\ProjectFrederik\vendor\cakephp\cakephp\src\Console\Shell.php(525): Cake\Console\Shell->runCommand(Array, false, Array)
#13 C:\Program Files (x86)\Ampps\www\ProjectFrederik\vendor\cakephp\cakephp\src\Console\CommandRunner.php(342): Cake\Console\Shell->runCommand(Array, true)
#14 C:\Program Files (x86)\Ampps\www\ProjectFrederik\vendor\cakephp\cakephp\src\Console\CommandRunner.php(164): Cake\Console\CommandRunner->runShell(Object(Bake\Shell\BakeShell), Array)
#15 C:\Program Files (x86)\Ampps\www\ProjectFrederik\bin\cake.php(12): Cake\Console\CommandRunner->run(Array)
#16 {main}


2018-10-10 16:24:20 Error: [PDOException] SQLSTATE[42S02]: Base table or view not found: 1146 Table 'clientproduit.order__items' doesn't exist in C:\Program Files (x86)\Ampps\www\ProjectFrederik\vendor\cakephp\cakephp\src\Database\Statement\MysqlStatement.php on line 39
Stack Trace:
#0 C:\Program Files (x86)\Ampps\www\ProjectFrederik\vendor\cakephp\cakephp\src\Database\Statement\MysqlStatement.php(39): PDOStatement->execute(NULL)
#1 C:\Program Files (x86)\Ampps\www\ProjectFrederik\vendor\cakephp\cakephp\src\Database\Connection.php(350): Cake\Database\Statement\MysqlStatement->execute()
#2 C:\Program Files (x86)\Ampps\www\ProjectFrederik\vendor\cakephp\cakephp\src\Core\Retry\CommandRetry.php(68): Cake\Database\Connection->Cake\Database\{closure}()
#3 C:\Program Files (x86)\Ampps\www\ProjectFrederik\vendor\cakephp\cakephp\src\Database\Connection.php(353): Cake\Core\Retry\CommandRetry->run(Object(Closure))
#4 C:\Program Files (x86)\Ampps\www\ProjectFrederik\vendor\cakephp\cakephp\src\Database\Connection.php(302): Cake\Database\Connection->query(Object(Cake\Database\Query))
#5 C:\Program Files (x86)\Ampps\www\ProjectFrederik\vendor\cakephp\cakephp\src\Core\Retry\CommandRetry.php(68): Cake\Database\Connection->Cake\Database\{closure}()
#6 C:\Program Files (x86)\Ampps\www\ProjectFrederik\vendor\cakephp\cakephp\src\Database\Connection.php(306): Cake\Core\Retry\CommandRetry->run(Object(Closure))
#7 C:\Program Files (x86)\Ampps\www\ProjectFrederik\vendor\cakephp\migrations\src\Shell\Task\SeedTask.php(111): Cake\Database\Connection->execute(Object(Cake\Database\Query))
#8 C:\Program Files (x86)\Ampps\www\ProjectFrederik\vendor\cakephp\bake\src\Shell\Task\SimpleBakeTask.php(104): Migrations\Shell\Task\SeedTask->templateData()
#9 C:\Program Files (x86)\Ampps\www\ProjectFrederik\vendor\cakephp\migrations\src\Shell\Task\SeedTask.php(130): Bake\Shell\Task\SimpleBakeTask->bake('OrderItems')
#10 C:\Program Files (x86)\Ampps\www\ProjectFrederik\vendor\cakephp\bake\src\Shell\Task\SimpleBakeTask.php(91): Migrations\Shell\Task\SeedTask->bake('OrderItems')
#11 C:\Program Files (x86)\Ampps\www\ProjectFrederik\vendor\cakephp\cakephp\src\Console\Shell.php(532): Bake\Shell\Task\SimpleBakeTask->main('OrderItems')
#12 C:\Program Files (x86)\Ampps\www\ProjectFrederik\vendor\cakephp\cakephp\src\Console\Shell.php(525): Cake\Console\Shell->runCommand(Array, false, Array)
#13 C:\Program Files (x86)\Ampps\www\ProjectFrederik\vendor\cakephp\cakephp\src\Console\CommandRunner.php(342): Cake\Console\Shell->runCommand(Array, true)
#14 C:\Program Files (x86)\Ampps\www\ProjectFrederik\vendor\cakephp\cakephp\src\Console\CommandRunner.php(164): Cake\Console\CommandRunner->runShell(Object(Bake\Shell\BakeShell), Array)
#15 C:\Program Files (x86)\Ampps\www\ProjectFrederik\bin\cake.php(12): Cake\Console\CommandRunner->run(Array)
#16 {main}


2018-10-10 16:26:19 Error: [PDOException] SQLSTATE[42S02]: Base table or view not found: 1146 Table 'clientproduit.prodct__types' doesn't exist in C:\Program Files (x86)\Ampps\www\ProjectFrederik\vendor\cakephp\cakephp\src\Database\Statement\MysqlStatement.php on line 39
Stack Trace:
#0 C:\Program Files (x86)\Ampps\www\ProjectFrederik\vendor\cakephp\cakephp\src\Database\Statement\MysqlStatement.php(39): PDOStatement->execute(NULL)
#1 C:\Program Files (x86)\Ampps\www\ProjectFrederik\vendor\cakephp\cakephp\src\Database\Connection.php(350): Cake\Database\Statement\MysqlStatement->execute()
#2 C:\Program Files (x86)\Ampps\www\ProjectFrederik\vendor\cakephp\cakephp\src\Core\Retry\CommandRetry.php(68): Cake\Database\Connection->Cake\Database\{closure}()
#3 C:\Program Files (x86)\Ampps\www\ProjectFrederik\vendor\cakephp\cakephp\src\Database\Connection.php(353): Cake\Core\Retry\CommandRetry->run(Object(Closure))
#4 C:\Program Files (x86)\Ampps\www\ProjectFrederik\vendor\cakephp\cakephp\src\Database\Connection.php(302): Cake\Database\Connection->query(Object(Cake\Database\Query))
#5 C:\Program Files (x86)\Ampps\www\ProjectFrederik\vendor\cakephp\cakephp\src\Core\Retry\CommandRetry.php(68): Cake\Database\Connection->Cake\Database\{closure}()
#6 C:\Program Files (x86)\Ampps\www\ProjectFrederik\vendor\cakephp\cakephp\src\Database\Connection.php(306): Cake\Core\Retry\CommandRetry->run(Object(Closure))
#7 C:\Program Files (x86)\Ampps\www\ProjectFrederik\vendor\cakephp\migrations\src\Shell\Task\SeedTask.php(111): Cake\Database\Connection->execute(Object(Cake\Database\Query))
#8 C:\Program Files (x86)\Ampps\www\ProjectFrederik\vendor\cakephp\bake\src\Shell\Task\SimpleBakeTask.php(104): Migrations\Shell\Task\SeedTask->templateData()
#9 C:\Program Files (x86)\Ampps\www\ProjectFrederik\vendor\cakephp\migrations\src\Shell\Task\SeedTask.php(130): Bake\Shell\Task\SimpleBakeTask->bake('ProdctTypes')
#10 C:\Program Files (x86)\Ampps\www\ProjectFrederik\vendor\cakephp\bake\src\Shell\Task\SimpleBakeTask.php(91): Migrations\Shell\Task\SeedTask->bake('ProdctTypes')
#11 C:\Program Files (x86)\Ampps\www\ProjectFrederik\vendor\cakephp\cakephp\src\Console\Shell.php(532): Bake\Shell\Task\SimpleBakeTask->main('ProdctTypes')
#12 C:\Program Files (x86)\Ampps\www\ProjectFrederik\vendor\cakephp\cakephp\src\Console\Shell.php(525): Cake\Console\Shell->runCommand(Array, false, Array)
#13 C:\Program Files (x86)\Ampps\www\ProjectFrederik\vendor\cakephp\cakephp\src\Console\CommandRunner.php(342): Cake\Console\Shell->runCommand(Array, true)
#14 C:\Program Files (x86)\Ampps\www\ProjectFrederik\vendor\cakephp\cakephp\src\Console\CommandRunner.php(164): Cake\Console\CommandRunner->runShell(Object(Bake\Shell\BakeShell), Array)
#15 C:\Program Files (x86)\Ampps\www\ProjectFrederik\bin\cake.php(12): Cake\Console\CommandRunner->run(Array)
#16 {main}


2018-10-10 16:27:54 Error: [PDOException] SQLSTATE[HY000]: General error: 1 table `customers` already exists in C:\Program Files (x86)\Ampps\www\ProjectFrederik\vendor\robmorgan\phinx\src\Phinx\Db\Adapter\PdoAdapter.php on line 167
Stack Trace:
#0 C:\Program Files (x86)\Ampps\www\ProjectFrederik\vendor\robmorgan\phinx\src\Phinx\Db\Adapter\PdoAdapter.php(167): PDO->exec('CREATE TABLE `c...')
#1 C:\Program Files (x86)\Ampps\www\ProjectFrederik\vendor\robmorgan\phinx\src\Phinx\Db\Adapter\SQLiteAdapter.php(244): Phinx\Db\Adapter\PdoAdapter->execute('CREATE TABLE `c...')
#2 C:\Program Files (x86)\Ampps\www\ProjectFrederik\vendor\robmorgan\phinx\src\Phinx\Db\Adapter\AdapterWrapper.php(349): Phinx\Db\Adapter\SQLiteAdapter->createTable(Object(Phinx\Db\Table\Table), Array, Array)
#3 C:\Program Files (x86)\Ampps\www\ProjectFrederik\vendor\robmorgan\phinx\src\Phinx\Db\Adapter\TimedOutputAdapter.php(138): Phinx\Db\Adapter\AdapterWrapper->createTable(Object(Phinx\Db\Table\Table), Array, Array)
#4 C:\Program Files (x86)\Ampps\www\ProjectFrederik\vendor\robmorgan\phinx\src\Phinx\Db\Adapter\AdapterWrapper.php(349): Phinx\Db\Adapter\TimedOutputAdapter->createTable(Object(Phinx\Db\Table\Table), Array, Array)
#5 C:\Program Files (x86)\Ampps\www\ProjectFrederik\vendor\robmorgan\phinx\src\Phinx\Db\Plan\Plan.php(138): Phinx\Db\Adapter\AdapterWrapper->createTable(Object(Phinx\Db\Table\Table), Array, Array)
#6 C:\Program Files (x86)\Ampps\www\ProjectFrederik\vendor\robmorgan\phinx\src\Phinx\Db\Table.php(717): Phinx\Db\Plan\Plan->execute(Object(Migrations\CakeAdapter))
#7 C:\Program Files (x86)\Ampps\www\ProjectFrederik\vendor\robmorgan\phinx\src\Phinx\Db\Table.php(611): Phinx\Db\Table->executeActions(false)
#8 C:\Program Files (x86)\Ampps\www\ProjectFrederik\vendor\robmorgan\phinx\src\Phinx\Db\Table.php(685): Phinx\Db\Table->create()
#9 C:\Program Files (x86)\Ampps\www\ProjectFrederik\config\Seeds\CustomersSeed.php(33): Phinx\Db\Table->save()
#10 C:\Program Files (x86)\Ampps\www\ProjectFrederik\vendor\robmorgan\phinx\src\Phinx\Migration\Manager\Environment.php(158): CustomersSeed->run()
#11 C:\Program Files (x86)\Ampps\www\ProjectFrederik\vendor\robmorgan\phinx\src\Phinx\Migration\Manager.php(417): Phinx\Migration\Manager\Environment->executeSeed(Object(CustomersSeed))
#12 C:\Program Files (x86)\Ampps\www\ProjectFrederik\vendor\robmorgan\phinx\src\Phinx\Migration\Manager.php(554): Phinx\Migration\Manager->executeSeed('default', Object(CustomersSeed))
#13 C:\Program Files (x86)\Ampps\www\ProjectFrederik\vendor\robmorgan\phinx\src\Phinx\Console\Command\SeedRun.php(111): Phinx\Migration\Manager->seed('default')
#14 C:\Program Files (x86)\Ampps\www\ProjectFrederik\vendor\cakephp\migrations\src\Command\CommandTrait.php(35): Phinx\Console\Command\SeedRun->execute(Object(Symfony\Component\Console\Input\ArgvInput), Object(Symfony\Component\Console\Output\ConsoleOutput))
#15 C:\Program Files (x86)\Ampps\www\ProjectFrederik\vendor\cakephp\migrations\src\Command\Seed.php(72): Migrations\Command\Seed->parentExecute(Object(Symfony\Component\Console\Input\ArgvInput), Object(Symfony\Component\Console\Output\ConsoleOutput))
#16 C:\Program Files (x86)\Ampps\www\ProjectFrederik\vendor\symfony\console\Command\Command.php(251): Migrations\Command\Seed->execute(Object(Symfony\Component\Console\Input\ArgvInput), Object(Symfony\Component\Console\Output\ConsoleOutput))
#17 C:\Program Files (x86)\Ampps\www\ProjectFrederik\vendor\symfony\console\Application.php(886): Symfony\Component\Console\Command\Command->run(Object(Symfony\Component\Console\Input\ArgvInput), Object(Symfony\Component\Console\Output\ConsoleOutput))
#18 C:\Program Files (x86)\Ampps\www\ProjectFrederik\vendor\symfony\console\Application.php(262): Symfony\Component\Console\Application->doRunCommand(Object(Migrations\Command\Seed), Object(Symfony\Component\Console\Input\ArgvInput), Object(Symfony\Component\Console\Output\ConsoleOutput))
#19 C:\Program Files (x86)\Ampps\www\ProjectFrederik\vendor\symfony\console\Application.php(145): Symfony\Component\Console\Application->doRun(Object(Symfony\Component\Console\Input\ArgvInput), Object(Symfony\Component\Console\Output\ConsoleOutput))
#20 C:\Program Files (x86)\Ampps\www\ProjectFrederik\vendor\cakephp\migrations\src\Shell\MigrationsShell.php(108): Symfony\Component\Console\Application->run(Object(Symfony\Component\Console\Input\ArgvInput), Object(Symfony\Component\Console\Output\ConsoleOutput))
#21 C:\Program Files (x86)\Ampps\www\ProjectFrederik\vendor\cakephp\cakephp\src\Console\Shell.php(532): Migrations\Shell\MigrationsShell->main('migrations', 'seed')
#22 C:\Program Files (x86)\Ampps\www\ProjectFrederik\vendor\cakephp\migrations\src\Shell\MigrationsShell.php(164): Cake\Console\Shell->runCommand(Array, true, Array)
#23 C:\Program Files (x86)\Ampps\www\ProjectFrederik\vendor\cakephp\cakephp\src\Console\CommandRunner.php(342): Migrations\Shell\MigrationsShell->runCommand(Array, true)
#24 C:\Program Files (x86)\Ampps\www\ProjectFrederik\vendor\cakephp\cakephp\src\Console\CommandRunner.php(164): Cake\Console\CommandRunner->runShell(Object(Migrations\Shell\MigrationsShell), Array)
#25 C:\Program Files (x86)\Ampps\www\ProjectFrederik\bin\cake.php(12): Cake\Console\CommandRunner->run(Array)
#26 {main}


2018-10-10 16:31:20 Error: [PDOException] SQLSTATE[HY000]: General error: 1 table `customers` already exists in C:\Program Files (x86)\Ampps\www\ProjectFrederik\vendor\robmorgan\phinx\src\Phinx\Db\Adapter\PdoAdapter.php on line 167
Stack Trace:
#0 C:\Program Files (x86)\Ampps\www\ProjectFrederik\vendor\robmorgan\phinx\src\Phinx\Db\Adapter\PdoAdapter.php(167): PDO->exec('CREATE TABLE `c...')
#1 C:\Program Files (x86)\Ampps\www\ProjectFrederik\vendor\robmorgan\phinx\src\Phinx\Db\Adapter\SQLiteAdapter.php(244): Phinx\Db\Adapter\PdoAdapter->execute('CREATE TABLE `c...')
#2 C:\Program Files (x86)\Ampps\www\ProjectFrederik\vendor\robmorgan\phinx\src\Phinx\Db\Adapter\AdapterWrapper.php(349): Phinx\Db\Adapter\SQLiteAdapter->createTable(Object(Phinx\Db\Table\Table), Array, Array)
#3 C:\Program Files (x86)\Ampps\www\ProjectFrederik\vendor\robmorgan\phinx\src\Phinx\Db\Adapter\TimedOutputAdapter.php(138): Phinx\Db\Adapter\AdapterWrapper->createTable(Object(Phinx\Db\Table\Table), Array, Array)
#4 C:\Program Files (x86)\Ampps\www\ProjectFrederik\vendor\robmorgan\phinx\src\Phinx\Db\Adapter\AdapterWrapper.php(349): Phinx\Db\Adapter\TimedOutputAdapter->createTable(Object(Phinx\Db\Table\Table), Array, Array)
#5 C:\Program Files (x86)\Ampps\www\ProjectFrederik\vendor\robmorgan\phinx\src\Phinx\Db\Plan\Plan.php(138): Phinx\Db\Adapter\AdapterWrapper->createTable(Object(Phinx\Db\Table\Table), Array, Array)
#6 C:\Program Files (x86)\Ampps\www\ProjectFrederik\vendor\robmorgan\phinx\src\Phinx\Db\Table.php(717): Phinx\Db\Plan\Plan->execute(Object(Migrations\CakeAdapter))
#7 C:\Program Files (x86)\Ampps\www\ProjectFrederik\vendor\robmorgan\phinx\src\Phinx\Db\Table.php(611): Phinx\Db\Table->executeActions(false)
#8 C:\Program Files (x86)\Ampps\www\ProjectFrederik\vendor\robmorgan\phinx\src\Phinx\Db\Table.php(685): Phinx\Db\Table->create()
#9 C:\Program Files (x86)\Ampps\www\ProjectFrederik\config\Seeds\CustomersSeed.php(33): Phinx\Db\Table->save()
#10 C:\Program Files (x86)\Ampps\www\ProjectFrederik\vendor\robmorgan\phinx\src\Phinx\Migration\Manager\Environment.php(158): CustomersSeed->run()
#11 C:\Program Files (x86)\Ampps\www\ProjectFrederik\vendor\robmorgan\phinx\src\Phinx\Migration\Manager.php(417): Phinx\Migration\Manager\Environment->executeSeed(Object(CustomersSeed))
#12 C:\Program Files (x86)\Ampps\www\ProjectFrederik\vendor\robmorgan\phinx\src\Phinx\Migration\Manager.php(554): Phinx\Migration\Manager->executeSeed('default', Object(CustomersSeed))
#13 C:\Program Files (x86)\Ampps\www\ProjectFrederik\vendor\robmorgan\phinx\src\Phinx\Console\Command\SeedRun.php(111): Phinx\Migration\Manager->seed('default')
#14 C:\Program Files (x86)\Ampps\www\ProjectFrederik\vendor\cakephp\migrations\src\Command\CommandTrait.php(35): Phinx\Console\Command\SeedRun->execute(Object(Symfony\Component\Console\Input\ArgvInput), Object(Symfony\Component\Console\Output\ConsoleOutput))
#15 C:\Program Files (x86)\Ampps\www\ProjectFrederik\vendor\cakephp\migrations\src\Command\Seed.php(72): Migrations\Command\Seed->parentExecute(Object(Symfony\Component\Console\Input\ArgvInput), Object(Symfony\Component\Console\Output\ConsoleOutput))
#16 C:\Program Files (x86)\Ampps\www\ProjectFrederik\vendor\symfony\console\Command\Command.php(251): Migrations\Command\Seed->execute(Object(Symfony\Component\Console\Input\ArgvInput), Object(Symfony\Component\Console\Output\ConsoleOutput))
#17 C:\Program Files (x86)\Ampps\www\ProjectFrederik\vendor\symfony\console\Application.php(886): Symfony\Component\Console\Command\Command->run(Object(Symfony\Component\Console\Input\ArgvInput), Object(Symfony\Component\Console\Output\ConsoleOutput))
#18 C:\Program Files (x86)\Ampps\www\ProjectFrederik\vendor\symfony\console\Application.php(262): Symfony\Component\Console\Application->doRunCommand(Object(Migrations\Command\Seed), Object(Symfony\Component\Console\Input\ArgvInput), Object(Symfony\Component\Console\Output\ConsoleOutput))
#19 C:\Program Files (x86)\Ampps\www\ProjectFrederik\vendor\symfony\console\Application.php(145): Symfony\Component\Console\Application->doRun(Object(Symfony\Component\Console\Input\ArgvInput), Object(Symfony\Component\Console\Output\ConsoleOutput))
#20 C:\Program Files (x86)\Ampps\www\ProjectFrederik\vendor\cakephp\migrations\src\Shell\MigrationsShell.php(108): Symfony\Component\Console\Application->run(Object(Symfony\Component\Console\Input\ArgvInput), Object(Symfony\Component\Console\Output\ConsoleOutput))
#21 C:\Program Files (x86)\Ampps\www\ProjectFrederik\vendor\cakephp\cakephp\src\Console\Shell.php(532): Migrations\Shell\MigrationsShell->main('migrations', 'seed')
#22 C:\Program Files (x86)\Ampps\www\ProjectFrederik\vendor\cakephp\migrations\src\Shell\MigrationsShell.php(164): Cake\Console\Shell->runCommand(Array, true, Array)
#23 C:\Program Files (x86)\Ampps\www\ProjectFrederik\vendor\cakephp\cakephp\src\Console\CommandRunner.php(342): Migrations\Shell\MigrationsShell->runCommand(Array, true)
#24 C:\Program Files (x86)\Ampps\www\ProjectFrederik\vendor\cakephp\cakephp\src\Console\CommandRunner.php(164): Cake\Console\CommandRunner->runShell(Object(Migrations\Shell\MigrationsShell), Array)
#25 C:\Program Files (x86)\Ampps\www\ProjectFrederik\bin\cake.php(12): Cake\Console\CommandRunner->run(Array)
#26 {main}


2018-10-10 16:42:27 Error: [PDOException] SQLSTATE[HY000]: General error: 1 table `customers` already exists in C:\Program Files (x86)\Ampps\www\ProjectFrederik\vendor\robmorgan\phinx\src\Phinx\Db\Adapter\PdoAdapter.php on line 167
Stack Trace:
#0 C:\Program Files (x86)\Ampps\www\ProjectFrederik\vendor\robmorgan\phinx\src\Phinx\Db\Adapter\PdoAdapter.php(167): PDO->exec('CREATE TABLE `c...')
#1 C:\Program Files (x86)\Ampps\www\ProjectFrederik\vendor\robmorgan\phinx\src\Phinx\Db\Adapter\SQLiteAdapter.php(244): Phinx\Db\Adapter\PdoAdapter->execute('CREATE TABLE `c...')
#2 C:\Program Files (x86)\Ampps\www\ProjectFrederik\vendor\robmorgan\phinx\src\Phinx\Db\Adapter\AdapterWrapper.php(349): Phinx\Db\Adapter\SQLiteAdapter->createTable(Object(Phinx\Db\Table\Table), Array, Array)
#3 C:\Program Files (x86)\Ampps\www\ProjectFrederik\vendor\robmorgan\phinx\src\Phinx\Db\Adapter\TimedOutputAdapter.php(138): Phinx\Db\Adapter\AdapterWrapper->createTable(Object(Phinx\Db\Table\Table), Array, Array)
#4 C:\Program Files (x86)\Ampps\www\ProjectFrederik\vendor\robmorgan\phinx\src\Phinx\Db\Adapter\AdapterWrapper.php(349): Phinx\Db\Adapter\TimedOutputAdapter->createTable(Object(Phinx\Db\Table\Table), Array, Array)
#5 C:\Program Files (x86)\Ampps\www\ProjectFrederik\vendor\robmorgan\phinx\src\Phinx\Db\Plan\Plan.php(138): Phinx\Db\Adapter\AdapterWrapper->createTable(Object(Phinx\Db\Table\Table), Array, Array)
#6 C:\Program Files (x86)\Ampps\www\ProjectFrederik\vendor\robmorgan\phinx\src\Phinx\Db\Table.php(717): Phinx\Db\Plan\Plan->execute(Object(Migrations\CakeAdapter))
#7 C:\Program Files (x86)\Ampps\www\ProjectFrederik\vendor\robmorgan\phinx\src\Phinx\Db\Table.php(611): Phinx\Db\Table->executeActions(false)
#8 C:\Program Files (x86)\Ampps\www\ProjectFrederik\vendor\robmorgan\phinx\src\Phinx\Db\Table.php(685): Phinx\Db\Table->create()
#9 C:\Program Files (x86)\Ampps\www\ProjectFrederik\config\Seeds\CustomersSeed.php(33): Phinx\Db\Table->save()
#10 C:\Program Files (x86)\Ampps\www\ProjectFrederik\vendor\robmorgan\phinx\src\Phinx\Migration\Manager\Environment.php(158): CustomersSeed->run()
#11 C:\Program Files (x86)\Ampps\www\ProjectFrederik\vendor\robmorgan\phinx\src\Phinx\Migration\Manager.php(417): Phinx\Migration\Manager\Environment->executeSeed(Object(CustomersSeed))
#12 C:\Program Files (x86)\Ampps\www\ProjectFrederik\vendor\robmorgan\phinx\src\Phinx\Migration\Manager.php(554): Phinx\Migration\Manager->executeSeed('default', Object(CustomersSeed))
#13 C:\Program Files (x86)\Ampps\www\ProjectFrederik\vendor\robmorgan\phinx\src\Phinx\Console\Command\SeedRun.php(111): Phinx\Migration\Manager->seed('default')
#14 C:\Program Files (x86)\Ampps\www\ProjectFrederik\vendor\cakephp\migrations\src\Command\CommandTrait.php(35): Phinx\Console\Command\SeedRun->execute(Object(Symfony\Component\Console\Input\ArgvInput), Object(Symfony\Component\Console\Output\ConsoleOutput))
#15 C:\Program Files (x86)\Ampps\www\ProjectFrederik\vendor\cakephp\migrations\src\Command\Seed.php(72): Migrations\Command\Seed->parentExecute(Object(Symfony\Component\Console\Input\ArgvInput), Object(Symfony\Component\Console\Output\ConsoleOutput))
#16 C:\Program Files (x86)\Ampps\www\ProjectFrederik\vendor\symfony\console\Command\Command.php(251): Migrations\Command\Seed->execute(Object(Symfony\Component\Console\Input\ArgvInput), Object(Symfony\Component\Console\Output\ConsoleOutput))
#17 C:\Program Files (x86)\Ampps\www\ProjectFrederik\vendor\symfony\console\Application.php(886): Symfony\Component\Console\Command\Command->run(Object(Symfony\Component\Console\Input\ArgvInput), Object(Symfony\Component\Console\Output\ConsoleOutput))
#18 C:\Program Files (x86)\Ampps\www\ProjectFrederik\vendor\symfony\console\Application.php(262): Symfony\Component\Console\Application->doRunCommand(Object(Migrations\Command\Seed), Object(Symfony\Component\Console\Input\ArgvInput), Object(Symfony\Component\Console\Output\ConsoleOutput))
#19 C:\Program Files (x86)\Ampps\www\ProjectFrederik\vendor\symfony\console\Application.php(145): Symfony\Component\Console\Application->doRun(Object(Symfony\Component\Console\Input\ArgvInput), Object(Symfony\Component\Console\Output\ConsoleOutput))
#20 C:\Program Files (x86)\Ampps\www\ProjectFrederik\vendor\cakephp\migrations\src\Shell\MigrationsShell.php(108): Symfony\Component\Console\Application->run(Object(Symfony\Component\Console\Input\ArgvInput), Object(Symfony\Component\Console\Output\ConsoleOutput))
#21 C:\Program Files (x86)\Ampps\www\ProjectFrederik\vendor\cakephp\cakephp\src\Console\Shell.php(532): Migrations\Shell\MigrationsShell->main('migrations', 'seed')
#22 C:\Program Files (x86)\Ampps\www\ProjectFrederik\vendor\cakephp\migrations\src\Shell\MigrationsShell.php(164): Cake\Console\Shell->runCommand(Array, true, Array)
#23 C:\Program Files (x86)\Ampps\www\ProjectFrederik\vendor\cakephp\cakephp\src\Console\CommandRunner.php(342): Migrations\Shell\MigrationsShell->runCommand(Array, true)
#24 C:\Program Files (x86)\Ampps\www\ProjectFrederik\vendor\cakephp\cakephp\src\Console\CommandRunner.php(164): Cake\Console\CommandRunner->runShell(Object(Migrations\Shell\MigrationsShell), Array)
#25 C:\Program Files (x86)\Ampps\www\ProjectFrederik\bin\cake.php(12): Cake\Console\CommandRunner->run(Array)
#26 {main}


2018-10-10 16:45:34 Error: [PDOException] SQLSTATE[HY000]: General error: 1 table `products` already exists in C:\Program Files (x86)\Ampps\www\ProjectFrederik\vendor\robmorgan\phinx\src\Phinx\Db\Adapter\PdoAdapter.php on line 167
Stack Trace:
#0 C:\Program Files (x86)\Ampps\www\ProjectFrederik\vendor\robmorgan\phinx\src\Phinx\Db\Adapter\PdoAdapter.php(167): PDO->exec('CREATE TABLE `p...')
#1 C:\Program Files (x86)\Ampps\www\ProjectFrederik\vendor\robmorgan\phinx\src\Phinx\Db\Adapter\SQLiteAdapter.php(244): Phinx\Db\Adapter\PdoAdapter->execute('CREATE TABLE `p...')
#2 C:\Program Files (x86)\Ampps\www\ProjectFrederik\vendor\robmorgan\phinx\src\Phinx\Db\Adapter\AdapterWrapper.php(349): Phinx\Db\Adapter\SQLiteAdapter->createTable(Object(Phinx\Db\Table\Table), Array, Array)
#3 C:\Program Files (x86)\Ampps\www\ProjectFrederik\vendor\robmorgan\phinx\src\Phinx\Db\Adapter\TimedOutputAdapter.php(138): Phinx\Db\Adapter\AdapterWrapper->createTable(Object(Phinx\Db\Table\Table), Array, Array)
#4 C:\Program Files (x86)\Ampps\www\ProjectFrederik\vendor\robmorgan\phinx\src\Phinx\Db\Adapter\AdapterWrapper.php(349): Phinx\Db\Adapter\TimedOutputAdapter->createTable(Object(Phinx\Db\Table\Table), Array, Array)
#5 C:\Program Files (x86)\Ampps\www\ProjectFrederik\vendor\robmorgan\phinx\src\Phinx\Db\Plan\Plan.php(138): Phinx\Db\Adapter\AdapterWrapper->createTable(Object(Phinx\Db\Table\Table), Array, Array)
#6 C:\Program Files (x86)\Ampps\www\ProjectFrederik\vendor\robmorgan\phinx\src\Phinx\Db\Table.php(717): Phinx\Db\Plan\Plan->execute(Object(Migrations\CakeAdapter))
#7 C:\Program Files (x86)\Ampps\www\ProjectFrederik\vendor\robmorgan\phinx\src\Phinx\Db\Table.php(611): Phinx\Db\Table->executeActions(false)
#8 C:\Program Files (x86)\Ampps\www\ProjectFrederik\vendor\robmorgan\phinx\src\Phinx\Db\Table.php(685): Phinx\Db\Table->create()
#9 C:\Program Files (x86)\Ampps\www\ProjectFrederik\config\Seeds\ProductsSeed.php(91): Phinx\Db\Table->save()
#10 C:\Program Files (x86)\Ampps\www\ProjectFrederik\vendor\robmorgan\phinx\src\Phinx\Migration\Manager\Environment.php(158): ProductsSeed->run()
#11 C:\Program Files (x86)\Ampps\www\ProjectFrederik\vendor\robmorgan\phinx\src\Phinx\Migration\Manager.php(417): Phinx\Migration\Manager\Environment->executeSeed(Object(ProductsSeed))
#12 C:\Program Files (x86)\Ampps\www\ProjectFrederik\vendor\robmorgan\phinx\src\Phinx\Migration\Manager.php(560): Phinx\Migration\Manager->executeSeed('default', Object(ProductsSeed))
#13 C:\Program Files (x86)\Ampps\www\ProjectFrederik\vendor\robmorgan\phinx\src\Phinx\Console\Command\SeedRun.php(115): Phinx\Migration\Manager->seed('default', 'ProductsSeed')
#14 C:\Program Files (x86)\Ampps\www\ProjectFrederik\vendor\cakephp\migrations\src\Command\CommandTrait.php(35): Phinx\Console\Command\SeedRun->execute(Object(Symfony\Component\Console\Input\ArgvInput), Object(Symfony\Component\Console\Output\ConsoleOutput))
#15 C:\Program Files (x86)\Ampps\www\ProjectFrederik\vendor\cakephp\migrations\src\Command\Seed.php(72): Migrations\Command\Seed->parentExecute(Object(Symfony\Component\Console\Input\ArgvInput), Object(Symfony\Component\Console\Output\ConsoleOutput))
#16 C:\Program Files (x86)\Ampps\www\ProjectFrederik\vendor\symfony\console\Command\Command.php(251): Migrations\Command\Seed->execute(Object(Symfony\Component\Console\Input\ArgvInput), Object(Symfony\Component\Console\Output\ConsoleOutput))
#17 C:\Program Files (x86)\Ampps\www\ProjectFrederik\vendor\symfony\console\Application.php(886): Symfony\Component\Console\Command\Command->run(Object(Symfony\Component\Console\Input\ArgvInput), Object(Symfony\Component\Console\Output\ConsoleOutput))
#18 C:\Program Files (x86)\Ampps\www\ProjectFrederik\vendor\symfony\console\Application.php(262): Symfony\Component\Console\Application->doRunCommand(Object(Migrations\Command\Seed), Object(Symfony\Component\Console\Input\ArgvInput), Object(Symfony\Component\Console\Output\ConsoleOutput))
#19 C:\Program Files (x86)\Ampps\www\ProjectFrederik\vendor\symfony\console\Application.php(145): Symfony\Component\Console\Application->doRun(Object(Symfony\Component\Console\Input\ArgvInput), Object(Symfony\Component\Console\Output\ConsoleOutput))
#20 C:\Program Files (x86)\Ampps\www\ProjectFrederik\vendor\cakephp\migrations\src\Shell\MigrationsShell.php(108): Symfony\Component\Console\Application->run(Object(Symfony\Component\Console\Input\ArgvInput), Object(Symfony\Component\Console\Output\ConsoleOutput))
#21 C:\Program Files (x86)\Ampps\www\ProjectFrederik\vendor\cakephp\cakephp\src\Console\Shell.php(532): Migrations\Shell\MigrationsShell->main('migrations', 'seed')
#22 C:\Program Files (x86)\Ampps\www\ProjectFrederik\vendor\cakephp\migrations\src\Shell\MigrationsShell.php(164): Cake\Console\Shell->runCommand(Array, true, Array)
#23 C:\Program Files (x86)\Ampps\www\ProjectFrederik\vendor\cakephp\cakephp\src\Console\CommandRunner.php(342): Migrations\Shell\MigrationsShell->runCommand(Array, true)
#24 C:\Program Files (x86)\Ampps\www\ProjectFrederik\vendor\cakephp\cakephp\src\Console\CommandRunner.php(164): Cake\Console\CommandRunner->runShell(Object(Migrations\Shell\MigrationsShell), Array)
#25 C:\Program Files (x86)\Ampps\www\ProjectFrederik\bin\cake.php(12): Cake\Console\CommandRunner->run(Array)
#26 {main}


2018-10-10 16:45:54 Error: [PDOException] SQLSTATE[HY000]: General error: 1 table `customers` already exists in C:\Program Files (x86)\Ampps\www\ProjectFrederik\vendor\robmorgan\phinx\src\Phinx\Db\Adapter\PdoAdapter.php on line 167
Stack Trace:
#0 C:\Program Files (x86)\Ampps\www\ProjectFrederik\vendor\robmorgan\phinx\src\Phinx\Db\Adapter\PdoAdapter.php(167): PDO->exec('CREATE TABLE `c...')
#1 C:\Program Files (x86)\Ampps\www\ProjectFrederik\vendor\robmorgan\phinx\src\Phinx\Db\Adapter\SQLiteAdapter.php(244): Phinx\Db\Adapter\PdoAdapter->execute('CREATE TABLE `c...')
#2 C:\Program Files (x86)\Ampps\www\ProjectFrederik\vendor\robmorgan\phinx\src\Phinx\Db\Adapter\AdapterWrapper.php(349): Phinx\Db\Adapter\SQLiteAdapter->createTable(Object(Phinx\Db\Table\Table), Array, Array)
#3 C:\Program Files (x86)\Ampps\www\ProjectFrederik\vendor\robmorgan\phinx\src\Phinx\Db\Adapter\TimedOutputAdapter.php(138): Phinx\Db\Adapter\AdapterWrapper->createTable(Object(Phinx\Db\Table\Table), Array, Array)
#4 C:\Program Files (x86)\Ampps\www\ProjectFrederik\vendor\robmorgan\phinx\src\Phinx\Db\Adapter\AdapterWrapper.php(349): Phinx\Db\Adapter\TimedOutputAdapter->createTable(Object(Phinx\Db\Table\Table), Array, Array)
#5 C:\Program Files (x86)\Ampps\www\ProjectFrederik\vendor\robmorgan\phinx\src\Phinx\Db\Plan\Plan.php(138): Phinx\Db\Adapter\AdapterWrapper->createTable(Object(Phinx\Db\Table\Table), Array, Array)
#6 C:\Program Files (x86)\Ampps\www\ProjectFrederik\vendor\robmorgan\phinx\src\Phinx\Db\Table.php(717): Phinx\Db\Plan\Plan->execute(Object(Migrations\CakeAdapter))
#7 C:\Program Files (x86)\Ampps\www\ProjectFrederik\vendor\robmorgan\phinx\src\Phinx\Db\Table.php(611): Phinx\Db\Table->executeActions(false)
#8 C:\Program Files (x86)\Ampps\www\ProjectFrederik\vendor\robmorgan\phinx\src\Phinx\Db\Table.php(685): Phinx\Db\Table->create()
#9 C:\Program Files (x86)\Ampps\www\ProjectFrederik\config\Seeds\CustomersSeed.php(33): Phinx\Db\Table->save()
#10 C:\Program Files (x86)\Ampps\www\ProjectFrederik\vendor\robmorgan\phinx\src\Phinx\Migration\Manager\Environment.php(158): CustomersSeed->run()
#11 C:\Program Files (x86)\Ampps\www\ProjectFrederik\vendor\robmorgan\phinx\src\Phinx\Migration\Manager.php(417): Phinx\Migration\Manager\Environment->executeSeed(Object(CustomersSeed))
#12 C:\Program Files (x86)\Ampps\www\ProjectFrederik\vendor\robmorgan\phinx\src\Phinx\Migration\Manager.php(554): Phinx\Migration\Manager->executeSeed('default', Object(CustomersSeed))
#13 C:\Program Files (x86)\Ampps\www\ProjectFrederik\vendor\robmorgan\phinx\src\Phinx\Console\Command\SeedRun.php(111): Phinx\Migration\Manager->seed('default')
#14 C:\Program Files (x86)\Ampps\www\ProjectFrederik\vendor\cakephp\migrations\src\Command\CommandTrait.php(35): Phinx\Console\Command\SeedRun->execute(Object(Symfony\Component\Console\Input\ArgvInput), Object(Symfony\Component\Console\Output\ConsoleOutput))
#15 C:\Program Files (x86)\Ampps\www\ProjectFrederik\vendor\cakephp\migrations\src\Command\Seed.php(72): Migrations\Command\Seed->parentExecute(Object(Symfony\Component\Console\Input\ArgvInput), Object(Symfony\Component\Console\Output\ConsoleOutput))
#16 C:\Program Files (x86)\Ampps\www\ProjectFrederik\vendor\symfony\console\Command\Command.php(251): Migrations\Command\Seed->execute(Object(Symfony\Component\Console\Input\ArgvInput), Object(Symfony\Component\Console\Output\ConsoleOutput))
#17 C:\Program Files (x86)\Ampps\www\ProjectFrederik\vendor\symfony\console\Application.php(886): Symfony\Component\Console\Command\Command->run(Object(Symfony\Component\Console\Input\ArgvInput), Object(Symfony\Component\Console\Output\ConsoleOutput))
#18 C:\Program Files (x86)\Ampps\www\ProjectFrederik\vendor\symfony\console\Application.php(262): Symfony\Component\Console\Application->doRunCommand(Object(Migrations\Command\Seed), Object(Symfony\Component\Console\Input\ArgvInput), Object(Symfony\Component\Console\Output\ConsoleOutput))
#19 C:\Program Files (x86)\Ampps\www\ProjectFrederik\vendor\symfony\console\Application.php(145): Symfony\Component\Console\Application->doRun(Object(Symfony\Component\Console\Input\ArgvInput), Object(Symfony\Component\Console\Output\ConsoleOutput))
#20 C:\Program Files (x86)\Ampps\www\ProjectFrederik\vendor\cakephp\migrations\src\Shell\MigrationsShell.php(108): Symfony\Component\Console\Application->run(Object(Symfony\Component\Console\Input\ArgvInput), Object(Symfony\Component\Console\Output\ConsoleOutput))
#21 C:\Program Files (x86)\Ampps\www\ProjectFrederik\vendor\cakephp\cakephp\src\Console\Shell.php(532): Migrations\Shell\MigrationsShell->main('migrations', 'seed')
#22 C:\Program Files (x86)\Ampps\www\ProjectFrederik\vendor\cakephp\migrations\src\Shell\MigrationsShell.php(164): Cake\Console\Shell->runCommand(Array, true, Array)
#23 C:\Program Files (x86)\Ampps\www\ProjectFrederik\vendor\cakephp\cakephp\src\Console\CommandRunner.php(342): Migrations\Shell\MigrationsShell->runCommand(Array, true)
#24 C:\Program Files (x86)\Ampps\www\ProjectFrederik\vendor\cakephp\cakephp\src\Console\CommandRunner.php(164): Cake\Console\CommandRunner->runShell(Object(Migrations\Shell\MigrationsShell), Array)
#25 C:\Program Files (x86)\Ampps\www\ProjectFrederik\bin\cake.php(12): Cake\Console\CommandRunner->run(Array)
#26 {main}


