2018-09-26 15:43:56 Error: [ParseError] syntax error, unexpected 'switch' (T_SWITCH)
Request URL: /users/view/1
Referer URL: http://localhost/ProjectFrederikSylvain/users
Stack Trace:
#0 C:\Program Files (x86)\Ampps\www\ProjectFrederikSylvain\vendor\cakephp\cakephp\src\View\View.php(1201): Cake\View\View->_evaluate('C:\\Program File...', Array)
#1 C:\Program Files (x86)\Ampps\www\ProjectFrederikSylvain\vendor\cakephp\cakephp\src\View\View.php(803): Cake\View\View->_render('C:\\Program File...')
#2 C:\Program Files (x86)\Ampps\www\ProjectFrederikSylvain\vendor\cakephp\cakephp\src\Controller\Controller.php(777): Cake\View\View->render(NULL, NULL)
#3 C:\Program Files (x86)\Ampps\www\ProjectFrederikSylvain\vendor\cakephp\cakephp\src\Http\ActionDispatcher.php(126): Cake\Controller\Controller->render()
#4 C:\Program Files (x86)\Ampps\www\ProjectFrederikSylvain\vendor\cakephp\cakephp\src\Http\ActionDispatcher.php(94): Cake\Http\ActionDispatcher->_invoke(Object(App\Controller\UsersController))
#5 C:\Program Files (x86)\Ampps\www\ProjectFrederikSylvain\vendor\cakephp\cakephp\src\Http\BaseApplication.php(235): Cake\Http\ActionDispatcher->dispatch(Object(Cake\Http\ServerRequest), Object(Cake\Http\Response))
#6 C:\Program Files (x86)\Ampps\www\ProjectFrederikSylvain\vendor\cakephp\cakephp\src\Http\Runner.php(65): Cake\Http\BaseApplication->__invoke(Object(Cake\Http\ServerRequest), Object(Cake\Http\Response), Object(Cake\Http\Runner))
#7 C:\Program Files (x86)\Ampps\www\ProjectFrederikSylvain\vendor\cakephp\cakephp\src\Http\Middleware\CsrfProtectionMiddleware.php(107): Cake\Http\Runner->__invoke(Object(Cake\Http\ServerRequest), Object(Cake\Http\Response))
#8 C:\Program Files (x86)\Ampps\www\ProjectFrederikSylvain\vendor\cakephp\cakephp\src\Http\Runner.php(65): Cake\Http\Middleware\CsrfProtectionMiddleware->__invoke(Object(Cake\Http\ServerRequest), Object(Cake\Http\Response), Object(Cake\Http\Runner))
#9 C:\Program Files (x86)\Ampps\www\ProjectFrederikSylvain\vendor\cakephp\cakephp\src\Routing\Middleware\RoutingMiddleware.php(156): Cake\Http\Runner->__invoke(Object(Cake\Http\ServerRequest), Object(Cake\Http\Response))
#10 C:\Program Files (x86)\Ampps\www\ProjectFrederikSylvain\vendor\cakephp\cakephp\src\Http\Runner.php(65): Cake\Routing\Middleware\RoutingMiddleware->__invoke(Object(Cake\Http\ServerRequest), Object(Cake\Http\Response), Object(Cake\Http\Runner))
#11 C:\Program Files (x86)\Ampps\www\ProjectFrederikSylvain\vendor\cakephp\cakephp\src\Routing\Middleware\AssetMiddleware.php(88): Cake\Http\Runner->__invoke(Object(Cake\Http\ServerRequest), Object(Cake\Http\Response))
#12 C:\Program Files (x86)\Ampps\www\ProjectFrederikSylvain\vendor\cakephp\cakephp\src\Http\Runner.php(65): Cake\Routing\Middleware\AssetMiddleware->__invoke(Object(Cake\Http\ServerRequest), Object(Cake\Http\Response), Object(Cake\Http\Runner))
#13 C:\Program Files (x86)\Ampps\www\ProjectFrederikSylvain\vendor\cakephp\cakephp\src\Error\Middleware\ErrorHandlerMiddleware.php(98): Cake\Http\Runner->__invoke(Object(Cake\Http\ServerRequest), Object(Cake\Http\Response))
#14 C:\Program Files (x86)\Ampps\www\ProjectFrederikSylvain\vendor\cakephp\cakephp\src\Http\Runner.php(65): Cake\Error\Middleware\ErrorHandlerMiddleware->__invoke(Object(Cake\Http\ServerRequest), Object(Cake\Http\Response), Object(Cake\Http\Runner))
#15 C:\Program Files (x86)\Ampps\www\ProjectFrederikSylvain\vendor\cakephp\debug_kit\src\Middleware\DebugKitMiddleware.php(53): Cake\Http\Runner->__invoke(Object(Cake\Http\ServerRequest), Object(Cake\Http\Response))
#16 C:\Program Files (x86)\Ampps\www\ProjectFrederikSylvain\vendor\cakephp\cakephp\src\Http\Runner.php(65): DebugKit\Middleware\DebugKitMiddleware->__invoke(Object(Cake\Http\ServerRequest), Object(Cake\Http\Response), Object(Cake\Http\Runner))
#17 C:\Program Files (x86)\Ampps\www\ProjectFrederikSylvain\vendor\cakephp\cakephp\src\Http\Runner.php(51): Cake\Http\Runner->__invoke(Object(Cake\Http\ServerRequest), Object(Cake\Http\Response))
#18 C:\Program Files (x86)\Ampps\www\ProjectFrederikSylvain\vendor\cakephp\cakephp\src\Http\Server.php(98): Cake\Http\Runner->run(Object(Cake\Http\MiddlewareQueue), Object(Cake\Http\ServerRequest), Object(Cake\Http\Response))
#19 C:\Program Files (x86)\Ampps\www\ProjectFrederikSylvain\webroot\index.php(40): Cake\Http\Server->run()
#20 {main}


2018-09-26 15:45:37 Error: [ParseError] syntax error, unexpected 'switch' (T_SWITCH)
Request URL: /users/view/1
Referer URL: http://localhost/ProjectFrederikSylvain/users
Stack Trace:
#0 C:\Program Files (x86)\Ampps\www\ProjectFrederikSylvain\vendor\cakephp\cakephp\src\View\View.php(1201): Cake\View\View->_evaluate('C:\\Program File...', Array)
#1 C:\Program Files (x86)\Ampps\www\ProjectFrederikSylvain\vendor\cakephp\cakephp\src\View\View.php(803): Cake\View\View->_render('C:\\Program File...')
#2 C:\Program Files (x86)\Ampps\www\ProjectFrederikSylvain\vendor\cakephp\cakephp\src\Controller\Controller.php(777): Cake\View\View->render(NULL, NULL)
#3 C:\Program Files (x86)\Ampps\www\ProjectFrederikSylvain\vendor\cakephp\cakephp\src\Http\ActionDispatcher.php(126): Cake\Controller\Controller->render()
#4 C:\Program Files (x86)\Ampps\www\ProjectFrederikSylvain\vendor\cakephp\cakephp\src\Http\ActionDispatcher.php(94): Cake\Http\ActionDispatcher->_invoke(Object(App\Controller\UsersController))
#5 C:\Program Files (x86)\Ampps\www\ProjectFrederikSylvain\vendor\cakephp\cakephp\src\Http\BaseApplication.php(235): Cake\Http\ActionDispatcher->dispatch(Object(Cake\Http\ServerRequest), Object(Cake\Http\Response))
#6 C:\Program Files (x86)\Ampps\www\ProjectFrederikSylvain\vendor\cakephp\cakephp\src\Http\Runner.php(65): Cake\Http\BaseApplication->__invoke(Object(Cake\Http\ServerRequest), Object(Cake\Http\Response), Object(Cake\Http\Runner))
#7 C:\Program Files (x86)\Ampps\www\ProjectFrederikSylvain\vendor\cakephp\cakephp\src\Http\Middleware\CsrfProtectionMiddleware.php(107): Cake\Http\Runner->__invoke(Object(Cake\Http\ServerRequest), Object(Cake\Http\Response))
#8 C:\Program Files (x86)\Ampps\www\ProjectFrederikSylvain\vendor\cakephp\cakephp\src\Http\Runner.php(65): Cake\Http\Middleware\CsrfProtectionMiddleware->__invoke(Object(Cake\Http\ServerRequest), Object(Cake\Http\Response), Object(Cake\Http\Runner))
#9 C:\Program Files (x86)\Ampps\www\ProjectFrederikSylvain\vendor\cakephp\cakephp\src\Routing\Middleware\RoutingMiddleware.php(156): Cake\Http\Runner->__invoke(Object(Cake\Http\ServerRequest), Object(Cake\Http\Response))
#10 C:\Program Files (x86)\Ampps\www\ProjectFrederikSylvain\vendor\cakephp\cakephp\src\Http\Runner.php(65): Cake\Routing\Middleware\RoutingMiddleware->__invoke(Object(Cake\Http\ServerRequest), Object(Cake\Http\Response), Object(Cake\Http\Runner))
#11 C:\Program Files (x86)\Ampps\www\ProjectFrederikSylvain\vendor\cakephp\cakephp\src\Routing\Middleware\AssetMiddleware.php(88): Cake\Http\Runner->__invoke(Object(Cake\Http\ServerRequest), Object(Cake\Http\Response))
#12 C:\Program Files (x86)\Ampps\www\ProjectFrederikSylvain\vendor\cakephp\cakephp\src\Http\Runner.php(65): Cake\Routing\Middleware\AssetMiddleware->__invoke(Object(Cake\Http\ServerRequest), Object(Cake\Http\Response), Object(Cake\Http\Runner))
#13 C:\Program Files (x86)\Ampps\www\ProjectFrederikSylvain\vendor\cakephp\cakephp\src\Error\Middleware\ErrorHandlerMiddleware.php(98): Cake\Http\Runner->__invoke(Object(Cake\Http\ServerRequest), Object(Cake\Http\Response))
#14 C:\Program Files (x86)\Ampps\www\ProjectFrederikSylvain\vendor\cakephp\cakephp\src\Http\Runner.php(65): Cake\Error\Middleware\ErrorHandlerMiddleware->__invoke(Object(Cake\Http\ServerRequest), Object(Cake\Http\Response), Object(Cake\Http\Runner))
#15 C:\Program Files (x86)\Ampps\www\ProjectFrederikSylvain\vendor\cakephp\debug_kit\src\Middleware\DebugKitMiddleware.php(53): Cake\Http\Runner->__invoke(Object(Cake\Http\ServerRequest), Object(Cake\Http\Response))
#16 C:\Program Files (x86)\Ampps\www\ProjectFrederikSylvain\vendor\cakephp\cakephp\src\Http\Runner.php(65): DebugKit\Middleware\DebugKitMiddleware->__invoke(Object(Cake\Http\ServerRequest), Object(Cake\Http\Response), Object(Cake\Http\Runner))
#17 C:\Program Files (x86)\Ampps\www\ProjectFrederikSylvain\vendor\cakephp\cakephp\src\Http\Runner.php(51): Cake\Http\Runner->__invoke(Object(Cake\Http\ServerRequest), Object(Cake\Http\Response))
#18 C:\Program Files (x86)\Ampps\www\ProjectFrederikSylvain\vendor\cakephp\cakephp\src\Http\Server.php(98): Cake\Http\Runner->run(Object(Cake\Http\MiddlewareQueue), Object(Cake\Http\ServerRequest), Object(Cake\Http\Response))
#19 C:\Program Files (x86)\Ampps\www\ProjectFrederikSylvain\webroot\index.php(40): Cake\Http\Server->run()
#20 {main}


2018-09-26 15:46:26 Error: [ParseError] syntax error, unexpected 'switch' (T_SWITCH)
Request URL: /users/view/1
Referer URL: http://localhost/ProjectFrederikSylvain/users
Stack Trace:
#0 C:\Program Files (x86)\Ampps\www\ProjectFrederikSylvain\vendor\cakephp\cakephp\src\View\View.php(1201): Cake\View\View->_evaluate('C:\\Program File...', Array)
#1 C:\Program Files (x86)\Ampps\www\ProjectFrederikSylvain\vendor\cakephp\cakephp\src\View\View.php(803): Cake\View\View->_render('C:\\Program File...')
#2 C:\Program Files (x86)\Ampps\www\ProjectFrederikSylvain\vendor\cakephp\cakephp\src\Controller\Controller.php(777): Cake\View\View->render(NULL, NULL)
#3 C:\Program Files (x86)\Ampps\www\ProjectFrederikSylvain\vendor\cakephp\cakephp\src\Http\ActionDispatcher.php(126): Cake\Controller\Controller->render()
#4 C:\Program Files (x86)\Ampps\www\ProjectFrederikSylvain\vendor\cakephp\cakephp\src\Http\ActionDispatcher.php(94): Cake\Http\ActionDispatcher->_invoke(Object(App\Controller\UsersController))
#5 C:\Program Files (x86)\Ampps\www\ProjectFrederikSylvain\vendor\cakephp\cakephp\src\Http\BaseApplication.php(235): Cake\Http\ActionDispatcher->dispatch(Object(Cake\Http\ServerRequest), Object(Cake\Http\Response))
#6 C:\Program Files (x86)\Ampps\www\ProjectFrederikSylvain\vendor\cakephp\cakephp\src\Http\Runner.php(65): Cake\Http\BaseApplication->__invoke(Object(Cake\Http\ServerRequest), Object(Cake\Http\Response), Object(Cake\Http\Runner))
#7 C:\Program Files (x86)\Ampps\www\ProjectFrederikSylvain\vendor\cakephp\cakephp\src\Http\Middleware\CsrfProtectionMiddleware.php(107): Cake\Http\Runner->__invoke(Object(Cake\Http\ServerRequest), Object(Cake\Http\Response))
#8 C:\Program Files (x86)\Ampps\www\ProjectFrederikSylvain\vendor\cakephp\cakephp\src\Http\Runner.php(65): Cake\Http\Middleware\CsrfProtectionMiddleware->__invoke(Object(Cake\Http\ServerRequest), Object(Cake\Http\Response), Object(Cake\Http\Runner))
#9 C:\Program Files (x86)\Ampps\www\ProjectFrederikSylvain\vendor\cakephp\cakephp\src\Routing\Middleware\RoutingMiddleware.php(156): Cake\Http\Runner->__invoke(Object(Cake\Http\ServerRequest), Object(Cake\Http\Response))
#10 C:\Program Files (x86)\Ampps\www\ProjectFrederikSylvain\vendor\cakephp\cakephp\src\Http\Runner.php(65): Cake\Routing\Middleware\RoutingMiddleware->__invoke(Object(Cake\Http\ServerRequest), Object(Cake\Http\Response), Object(Cake\Http\Runner))
#11 C:\Program Files (x86)\Ampps\www\ProjectFrederikSylvain\vendor\cakephp\cakephp\src\Routing\Middleware\AssetMiddleware.php(88): Cake\Http\Runner->__invoke(Object(Cake\Http\ServerRequest), Object(Cake\Http\Response))
#12 C:\Program Files (x86)\Ampps\www\ProjectFrederikSylvain\vendor\cakephp\cakephp\src\Http\Runner.php(65): Cake\Routing\Middleware\AssetMiddleware->__invoke(Object(Cake\Http\ServerRequest), Object(Cake\Http\Response), Object(Cake\Http\Runner))
#13 C:\Program Files (x86)\Ampps\www\ProjectFrederikSylvain\vendor\cakephp\cakephp\src\Error\Middleware\ErrorHandlerMiddleware.php(98): Cake\Http\Runner->__invoke(Object(Cake\Http\ServerRequest), Object(Cake\Http\Response))
#14 C:\Program Files (x86)\Ampps\www\ProjectFrederikSylvain\vendor\cakephp\cakephp\src\Http\Runner.php(65): Cake\Error\Middleware\ErrorHandlerMiddleware->__invoke(Object(Cake\Http\ServerRequest), Object(Cake\Http\Response), Object(Cake\Http\Runner))
#15 C:\Program Files (x86)\Ampps\www\ProjectFrederikSylvain\vendor\cakephp\debug_kit\src\Middleware\DebugKitMiddleware.php(53): Cake\Http\Runner->__invoke(Object(Cake\Http\ServerRequest), Object(Cake\Http\Response))
#16 C:\Program Files (x86)\Ampps\www\ProjectFrederikSylvain\vendor\cakephp\cakephp\src\Http\Runner.php(65): DebugKit\Middleware\DebugKitMiddleware->__invoke(Object(Cake\Http\ServerRequest), Object(Cake\Http\Response), Object(Cake\Http\Runner))
#17 C:\Program Files (x86)\Ampps\www\ProjectFrederikSylvain\vendor\cakephp\cakephp\src\Http\Runner.php(51): Cake\Http\Runner->__invoke(Object(Cake\Http\ServerRequest), Object(Cake\Http\Response))
#18 C:\Program Files (x86)\Ampps\www\ProjectFrederikSylvain\vendor\cakephp\cakephp\src\Http\Server.php(98): Cake\Http\Runner->run(Object(Cake\Http\MiddlewareQueue), Object(Cake\Http\ServerRequest), Object(Cake\Http\Response))
#19 C:\Program Files (x86)\Ampps\www\ProjectFrederikSylvain\webroot\index.php(40): Cake\Http\Server->run()
#20 {main}


2018-09-26 15:49:35 Error: [Cake\Routing\Exception\MissingControllerException] Controller class Product could not be found.
Exception Attributes: array (
  'class' => 'Product',
  'plugin' => false,
  'prefix' => false,
  '_ext' => false,
)
Request URL: /product
Stack Trace:
#0 C:\Program Files (x86)\Ampps\www\ProjectFrederikSylvain\vendor\cakephp\cakephp\src\Http\ControllerFactory.php(39): Cake\Http\ControllerFactory->missingController(Object(Cake\Http\ServerRequest))
#1 C:\Program Files (x86)\Ampps\www\ProjectFrederikSylvain\vendor\cakephp\cakephp\src\Http\ActionDispatcher.php(91): Cake\Http\ControllerFactory->create(Object(Cake\Http\ServerRequest), Object(Cake\Http\Response))
#2 C:\Program Files (x86)\Ampps\www\ProjectFrederikSylvain\vendor\cakephp\cakephp\src\Http\BaseApplication.php(235): Cake\Http\ActionDispatcher->dispatch(Object(Cake\Http\ServerRequest), Object(Cake\Http\Response))
#3 C:\Program Files (x86)\Ampps\www\ProjectFrederikSylvain\vendor\cakephp\cakephp\src\Http\Runner.php(65): Cake\Http\BaseApplication->__invoke(Object(Cake\Http\ServerRequest), Object(Cake\Http\Response), Object(Cake\Http\Runner))
#4 C:\Program Files (x86)\Ampps\www\ProjectFrederikSylvain\vendor\cakephp\cakephp\src\Http\Middleware\CsrfProtectionMiddleware.php(107): Cake\Http\Runner->__invoke(Object(Cake\Http\ServerRequest), Object(Cake\Http\Response))
#5 C:\Program Files (x86)\Ampps\www\ProjectFrederikSylvain\vendor\cakephp\cakephp\src\Http\Runner.php(65): Cake\Http\Middleware\CsrfProtectionMiddleware->__invoke(Object(Cake\Http\ServerRequest), Object(Cake\Http\Response), Object(Cake\Http\Runner))
#6 C:\Program Files (x86)\Ampps\www\ProjectFrederikSylvain\vendor\cakephp\cakephp\src\Routing\Middleware\RoutingMiddleware.php(156): Cake\Http\Runner->__invoke(Object(Cake\Http\ServerRequest), Object(Cake\Http\Response))
#7 C:\Program Files (x86)\Ampps\www\ProjectFrederikSylvain\vendor\cakephp\cakephp\src\Http\Runner.php(65): Cake\Routing\Middleware\RoutingMiddleware->__invoke(Object(Cake\Http\ServerRequest), Object(Cake\Http\Response), Object(Cake\Http\Runner))
#8 C:\Program Files (x86)\Ampps\www\ProjectFrederikSylvain\vendor\cakephp\cakephp\src\Routing\Middleware\AssetMiddleware.php(88): Cake\Http\Runner->__invoke(Object(Cake\Http\ServerRequest), Object(Cake\Http\Response))
#9 C:\Program Files (x86)\Ampps\www\ProjectFrederikSylvain\vendor\cakephp\cakephp\src\Http\Runner.php(65): Cake\Routing\Middleware\AssetMiddleware->__invoke(Object(Cake\Http\ServerRequest), Object(Cake\Http\Response), Object(Cake\Http\Runner))
#10 C:\Program Files (x86)\Ampps\www\ProjectFrederikSylvain\vendor\cakephp\cakephp\src\Error\Middleware\ErrorHandlerMiddleware.php(98): Cake\Http\Runner->__invoke(Object(Cake\Http\ServerRequest), Object(Cake\Http\Response))
#11 C:\Program Files (x86)\Ampps\www\ProjectFrederikSylvain\vendor\cakephp\cakephp\src\Http\Runner.php(65): Cake\Error\Middleware\ErrorHandlerMiddleware->__invoke(Object(Cake\Http\ServerRequest), Object(Cake\Http\Response), Object(Cake\Http\Runner))
#12 C:\Program Files (x86)\Ampps\www\ProjectFrederikSylvain\vendor\cakephp\debug_kit\src\Middleware\DebugKitMiddleware.php(53): Cake\Http\Runner->__invoke(Object(Cake\Http\ServerRequest), Object(Cake\Http\Response))
#13 C:\Program Files (x86)\Ampps\www\ProjectFrederikSylvain\vendor\cakephp\cakephp\src\Http\Runner.php(65): DebugKit\Middleware\DebugKitMiddleware->__invoke(Object(Cake\Http\ServerRequest), Object(Cake\Http\Response), Object(Cake\Http\Runner))
#14 C:\Program Files (x86)\Ampps\www\ProjectFrederikSylvain\vendor\cakephp\cakephp\src\Http\Runner.php(51): Cake\Http\Runner->__invoke(Object(Cake\Http\ServerRequest), Object(Cake\Http\Response))
#15 C:\Program Files (x86)\Ampps\www\ProjectFrederikSylvain\vendor\cakephp\cakephp\src\Http\Server.php(98): Cake\Http\Runner->run(Object(Cake\Http\MiddlewareQueue), Object(Cake\Http\ServerRequest), Object(Cake\Http\Response))
#16 C:\Program Files (x86)\Ampps\www\ProjectFrederikSylvain\webroot\index.php(40): Cake\Http\Server->run()
#17 {main}


2018-09-26 15:49:54 Error: [Cake\Routing\Exception\MissingControllerException] Controller class Customers_orders could not be found.
Exception Attributes: array (
  'class' => 'Customers_orders',
  'plugin' => false,
  'prefix' => false,
  '_ext' => false,
)
Request URL: /customers_orders
Stack Trace:
#0 C:\Program Files (x86)\Ampps\www\ProjectFrederikSylvain\vendor\cakephp\cakephp\src\Http\ControllerFactory.php(39): Cake\Http\ControllerFactory->missingController(Object(Cake\Http\ServerRequest))
#1 C:\Program Files (x86)\Ampps\www\ProjectFrederikSylvain\vendor\cakephp\cakephp\src\Http\ActionDispatcher.php(91): Cake\Http\ControllerFactory->create(Object(Cake\Http\ServerRequest), Object(Cake\Http\Response))
#2 C:\Program Files (x86)\Ampps\www\ProjectFrederikSylvain\vendor\cakephp\cakephp\src\Http\BaseApplication.php(235): Cake\Http\ActionDispatcher->dispatch(Object(Cake\Http\ServerRequest), Object(Cake\Http\Response))
#3 C:\Program Files (x86)\Ampps\www\ProjectFrederikSylvain\vendor\cakephp\cakephp\src\Http\Runner.php(65): Cake\Http\BaseApplication->__invoke(Object(Cake\Http\ServerRequest), Object(Cake\Http\Response), Object(Cake\Http\Runner))
#4 C:\Program Files (x86)\Ampps\www\ProjectFrederikSylvain\vendor\cakephp\cakephp\src\Http\Middleware\CsrfProtectionMiddleware.php(107): Cake\Http\Runner->__invoke(Object(Cake\Http\ServerRequest), Object(Cake\Http\Response))
#5 C:\Program Files (x86)\Ampps\www\ProjectFrederikSylvain\vendor\cakephp\cakephp\src\Http\Runner.php(65): Cake\Http\Middleware\CsrfProtectionMiddleware->__invoke(Object(Cake\Http\ServerRequest), Object(Cake\Http\Response), Object(Cake\Http\Runner))
#6 C:\Program Files (x86)\Ampps\www\ProjectFrederikSylvain\vendor\cakephp\cakephp\src\Routing\Middleware\RoutingMiddleware.php(156): Cake\Http\Runner->__invoke(Object(Cake\Http\ServerRequest), Object(Cake\Http\Response))
#7 C:\Program Files (x86)\Ampps\www\ProjectFrederikSylvain\vendor\cakephp\cakephp\src\Http\Runner.php(65): Cake\Routing\Middleware\RoutingMiddleware->__invoke(Object(Cake\Http\ServerRequest), Object(Cake\Http\Response), Object(Cake\Http\Runner))
#8 C:\Program Files (x86)\Ampps\www\ProjectFrederikSylvain\vendor\cakephp\cakephp\src\Routing\Middleware\AssetMiddleware.php(88): Cake\Http\Runner->__invoke(Object(Cake\Http\ServerRequest), Object(Cake\Http\Response))
#9 C:\Program Files (x86)\Ampps\www\ProjectFrederikSylvain\vendor\cakephp\cakephp\src\Http\Runner.php(65): Cake\Routing\Middleware\AssetMiddleware->__invoke(Object(Cake\Http\ServerRequest), Object(Cake\Http\Response), Object(Cake\Http\Runner))
#10 C:\Program Files (x86)\Ampps\www\ProjectFrederikSylvain\vendor\cakephp\cakephp\src\Error\Middleware\ErrorHandlerMiddleware.php(98): Cake\Http\Runner->__invoke(Object(Cake\Http\ServerRequest), Object(Cake\Http\Response))
#11 C:\Program Files (x86)\Ampps\www\ProjectFrederikSylvain\vendor\cakephp\cakephp\src\Http\Runner.php(65): Cake\Error\Middleware\ErrorHandlerMiddleware->__invoke(Object(Cake\Http\ServerRequest), Object(Cake\Http\Response), Object(Cake\Http\Runner))
#12 C:\Program Files (x86)\Ampps\www\ProjectFrederikSylvain\vendor\cakephp\debug_kit\src\Middleware\DebugKitMiddleware.php(53): Cake\Http\Runner->__invoke(Object(Cake\Http\ServerRequest), Object(Cake\Http\Response))
#13 C:\Program Files (x86)\Ampps\www\ProjectFrederikSylvain\vendor\cakephp\cakephp\src\Http\Runner.php(65): DebugKit\Middleware\DebugKitMiddleware->__invoke(Object(Cake\Http\ServerRequest), Object(Cake\Http\Response), Object(Cake\Http\Runner))
#14 C:\Program Files (x86)\Ampps\www\ProjectFrederikSylvain\vendor\cakephp\cakephp\src\Http\Runner.php(51): Cake\Http\Runner->__invoke(Object(Cake\Http\ServerRequest), Object(Cake\Http\Response))
#15 C:\Program Files (x86)\Ampps\www\ProjectFrederikSylvain\vendor\cakephp\cakephp\src\Http\Server.php(98): Cake\Http\Runner->run(Object(Cake\Http\MiddlewareQueue), Object(Cake\Http\ServerRequest), Object(Cake\Http\Response))
#16 C:\Program Files (x86)\Ampps\www\ProjectFrederikSylvain\webroot\index.php(40): Cake\Http\Server->run()
#17 {main}


2018-09-26 15:49:57 Error: [Cake\Routing\Exception\MissingControllerException] Controller class Customer_orders could not be found.
Exception Attributes: array (
  'class' => 'Customer_orders',
  'plugin' => false,
  'prefix' => false,
  '_ext' => false,
)
Request URL: /customer_orders
Stack Trace:
#0 C:\Program Files (x86)\Ampps\www\ProjectFrederikSylvain\vendor\cakephp\cakephp\src\Http\ControllerFactory.php(39): Cake\Http\ControllerFactory->missingController(Object(Cake\Http\ServerRequest))
#1 C:\Program Files (x86)\Ampps\www\ProjectFrederikSylvain\vendor\cakephp\cakephp\src\Http\ActionDispatcher.php(91): Cake\Http\ControllerFactory->create(Object(Cake\Http\ServerRequest), Object(Cake\Http\Response))
#2 C:\Program Files (x86)\Ampps\www\ProjectFrederikSylvain\vendor\cakephp\cakephp\src\Http\BaseApplication.php(235): Cake\Http\ActionDispatcher->dispatch(Object(Cake\Http\ServerRequest), Object(Cake\Http\Response))
#3 C:\Program Files (x86)\Ampps\www\ProjectFrederikSylvain\vendor\cakephp\cakephp\src\Http\Runner.php(65): Cake\Http\BaseApplication->__invoke(Object(Cake\Http\ServerRequest), Object(Cake\Http\Response), Object(Cake\Http\Runner))
#4 C:\Program Files (x86)\Ampps\www\ProjectFrederikSylvain\vendor\cakephp\cakephp\src\Http\Middleware\CsrfProtectionMiddleware.php(107): Cake\Http\Runner->__invoke(Object(Cake\Http\ServerRequest), Object(Cake\Http\Response))
#5 C:\Program Files (x86)\Ampps\www\ProjectFrederikSylvain\vendor\cakephp\cakephp\src\Http\Runner.php(65): Cake\Http\Middleware\CsrfProtectionMiddleware->__invoke(Object(Cake\Http\ServerRequest), Object(Cake\Http\Response), Object(Cake\Http\Runner))
#6 C:\Program Files (x86)\Ampps\www\ProjectFrederikSylvain\vendor\cakephp\cakephp\src\Routing\Middleware\RoutingMiddleware.php(156): Cake\Http\Runner->__invoke(Object(Cake\Http\ServerRequest), Object(Cake\Http\Response))
#7 C:\Program Files (x86)\Ampps\www\ProjectFrederikSylvain\vendor\cakephp\cakephp\src\Http\Runner.php(65): Cake\Routing\Middleware\RoutingMiddleware->__invoke(Object(Cake\Http\ServerRequest), Object(Cake\Http\Response), Object(Cake\Http\Runner))
#8 C:\Program Files (x86)\Ampps\www\ProjectFrederikSylvain\vendor\cakephp\cakephp\src\Routing\Middleware\AssetMiddleware.php(88): Cake\Http\Runner->__invoke(Object(Cake\Http\ServerRequest), Object(Cake\Http\Response))
#9 C:\Program Files (x86)\Ampps\www\ProjectFrederikSylvain\vendor\cakephp\cakephp\src\Http\Runner.php(65): Cake\Routing\Middleware\AssetMiddleware->__invoke(Object(Cake\Http\ServerRequest), Object(Cake\Http\Response), Object(Cake\Http\Runner))
#10 C:\Program Files (x86)\Ampps\www\ProjectFrederikSylvain\vendor\cakephp\cakephp\src\Error\Middleware\ErrorHandlerMiddleware.php(98): Cake\Http\Runner->__invoke(Object(Cake\Http\ServerRequest), Object(Cake\Http\Response))
#11 C:\Program Files (x86)\Ampps\www\ProjectFrederikSylvain\vendor\cakephp\cakephp\src\Http\Runner.php(65): Cake\Error\Middleware\ErrorHandlerMiddleware->__invoke(Object(Cake\Http\ServerRequest), Object(Cake\Http\Response), Object(Cake\Http\Runner))
#12 C:\Program Files (x86)\Ampps\www\ProjectFrederikSylvain\vendor\cakephp\debug_kit\src\Middleware\DebugKitMiddleware.php(53): Cake\Http\Runner->__invoke(Object(Cake\Http\ServerRequest), Object(Cake\Http\Response))
#13 C:\Program Files (x86)\Ampps\www\ProjectFrederikSylvain\vendor\cakephp\cakephp\src\Http\Runner.php(65): DebugKit\Middleware\DebugKitMiddleware->__invoke(Object(Cake\Http\ServerRequest), Object(Cake\Http\Response), Object(Cake\Http\Runner))
#14 C:\Program Files (x86)\Ampps\www\ProjectFrederikSylvain\vendor\cakephp\cakephp\src\Http\Runner.php(51): Cake\Http\Runner->__invoke(Object(Cake\Http\ServerRequest), Object(Cake\Http\Response))
#15 C:\Program Files (x86)\Ampps\www\ProjectFrederikSylvain\vendor\cakephp\cakephp\src\Http\Server.php(98): Cake\Http\Runner->run(Object(Cake\Http\MiddlewareQueue), Object(Cake\Http\ServerRequest), Object(Cake\Http\Response))
#16 C:\Program Files (x86)\Ampps\www\ProjectFrederikSylvain\webroot\index.php(40): Cake\Http\Server->run()
#17 {main}


2018-09-26 15:50:05 Error: [Cake\Routing\Exception\MissingControllerException] Controller class Order_Items could not be found.
Exception Attributes: array (
  'class' => 'Order_Items',
  'plugin' => false,
  'prefix' => false,
  '_ext' => false,
)
Request URL: /Order_Items
Stack Trace:
#0 C:\Program Files (x86)\Ampps\www\ProjectFrederikSylvain\vendor\cakephp\cakephp\src\Http\ControllerFactory.php(39): Cake\Http\ControllerFactory->missingController(Object(Cake\Http\ServerRequest))
#1 C:\Program Files (x86)\Ampps\www\ProjectFrederikSylvain\vendor\cakephp\cakephp\src\Http\ActionDispatcher.php(91): Cake\Http\ControllerFactory->create(Object(Cake\Http\ServerRequest), Object(Cake\Http\Response))
#2 C:\Program Files (x86)\Ampps\www\ProjectFrederikSylvain\vendor\cakephp\cakephp\src\Http\BaseApplication.php(235): Cake\Http\ActionDispatcher->dispatch(Object(Cake\Http\ServerRequest), Object(Cake\Http\Response))
#3 C:\Program Files (x86)\Ampps\www\ProjectFrederikSylvain\vendor\cakephp\cakephp\src\Http\Runner.php(65): Cake\Http\BaseApplication->__invoke(Object(Cake\Http\ServerRequest), Object(Cake\Http\Response), Object(Cake\Http\Runner))
#4 C:\Program Files (x86)\Ampps\www\ProjectFrederikSylvain\vendor\cakephp\cakephp\src\Http\Middleware\CsrfProtectionMiddleware.php(107): Cake\Http\Runner->__invoke(Object(Cake\Http\ServerRequest), Object(Cake\Http\Response))
#5 C:\Program Files (x86)\Ampps\www\ProjectFrederikSylvain\vendor\cakephp\cakephp\src\Http\Runner.php(65): Cake\Http\Middleware\CsrfProtectionMiddleware->__invoke(Object(Cake\Http\ServerRequest), Object(Cake\Http\Response), Object(Cake\Http\Runner))
#6 C:\Program Files (x86)\Ampps\www\ProjectFrederikSylvain\vendor\cakephp\cakephp\src\Routing\Middleware\RoutingMiddleware.php(156): Cake\Http\Runner->__invoke(Object(Cake\Http\ServerRequest), Object(Cake\Http\Response))
#7 C:\Program Files (x86)\Ampps\www\ProjectFrederikSylvain\vendor\cakephp\cakephp\src\Http\Runner.php(65): Cake\Routing\Middleware\RoutingMiddleware->__invoke(Object(Cake\Http\ServerRequest), Object(Cake\Http\Response), Object(Cake\Http\Runner))
#8 C:\Program Files (x86)\Ampps\www\ProjectFrederikSylvain\vendor\cakephp\cakephp\src\Routing\Middleware\AssetMiddleware.php(88): Cake\Http\Runner->__invoke(Object(Cake\Http\ServerRequest), Object(Cake\Http\Response))
#9 C:\Program Files (x86)\Ampps\www\ProjectFrederikSylvain\vendor\cakephp\cakephp\src\Http\Runner.php(65): Cake\Routing\Middleware\AssetMiddleware->__invoke(Object(Cake\Http\ServerRequest), Object(Cake\Http\Response), Object(Cake\Http\Runner))
#10 C:\Program Files (x86)\Ampps\www\ProjectFrederikSylvain\vendor\cakephp\cakephp\src\Error\Middleware\ErrorHandlerMiddleware.php(98): Cake\Http\Runner->__invoke(Object(Cake\Http\ServerRequest), Object(Cake\Http\Response))
#11 C:\Program Files (x86)\Ampps\www\ProjectFrederikSylvain\vendor\cakephp\cakephp\src\Http\Runner.php(65): Cake\Error\Middleware\ErrorHandlerMiddleware->__invoke(Object(Cake\Http\ServerRequest), Object(Cake\Http\Response), Object(Cake\Http\Runner))
#12 C:\Program Files (x86)\Ampps\www\ProjectFrederikSylvain\vendor\cakephp\debug_kit\src\Middleware\DebugKitMiddleware.php(53): Cake\Http\Runner->__invoke(Object(Cake\Http\ServerRequest), Object(Cake\Http\Response))
#13 C:\Program Files (x86)\Ampps\www\ProjectFrederikSylvain\vendor\cakephp\cakephp\src\Http\Runner.php(65): DebugKit\Middleware\DebugKitMiddleware->__invoke(Object(Cake\Http\ServerRequest), Object(Cake\Http\Response), Object(Cake\Http\Runner))
#14 C:\Program Files (x86)\Ampps\www\ProjectFrederikSylvain\vendor\cakephp\cakephp\src\Http\Runner.php(51): Cake\Http\Runner->__invoke(Object(Cake\Http\ServerRequest), Object(Cake\Http\Response))
#15 C:\Program Files (x86)\Ampps\www\ProjectFrederikSylvain\vendor\cakephp\cakephp\src\Http\Server.php(98): Cake\Http\Runner->run(Object(Cake\Http\MiddlewareQueue), Object(Cake\Http\ServerRequest), Object(Cake\Http\Response))
#16 C:\Program Files (x86)\Ampps\www\ProjectFrederikSylvain\webroot\index.php(40): Cake\Http\Server->run()
#17 {main}


2018-09-26 15:50:07 Error: [Cake\Routing\Exception\MissingControllerException] Controller class Order_Items could not be found.
Exception Attributes: array (
  'class' => 'Order_Items',
  'plugin' => false,
  'prefix' => false,
  '_ext' => false,
)
Request URL: /Order_Items
Stack Trace:
#0 C:\Program Files (x86)\Ampps\www\ProjectFrederikSylvain\vendor\cakephp\cakephp\src\Http\ControllerFactory.php(39): Cake\Http\ControllerFactory->missingController(Object(Cake\Http\ServerRequest))
#1 C:\Program Files (x86)\Ampps\www\ProjectFrederikSylvain\vendor\cakephp\cakephp\src\Http\ActionDispatcher.php(91): Cake\Http\ControllerFactory->create(Object(Cake\Http\ServerRequest), Object(Cake\Http\Response))
#2 C:\Program Files (x86)\Ampps\www\ProjectFrederikSylvain\vendor\cakephp\cakephp\src\Http\BaseApplication.php(235): Cake\Http\ActionDispatcher->dispatch(Object(Cake\Http\ServerRequest), Object(Cake\Http\Response))
#3 C:\Program Files (x86)\Ampps\www\ProjectFrederikSylvain\vendor\cakephp\cakephp\src\Http\Runner.php(65): Cake\Http\BaseApplication->__invoke(Object(Cake\Http\ServerRequest), Object(Cake\Http\Response), Object(Cake\Http\Runner))
#4 C:\Program Files (x86)\Ampps\www\ProjectFrederikSylvain\vendor\cakephp\cakephp\src\Http\Middleware\CsrfProtectionMiddleware.php(107): Cake\Http\Runner->__invoke(Object(Cake\Http\ServerRequest), Object(Cake\Http\Response))
#5 C:\Program Files (x86)\Ampps\www\ProjectFrederikSylvain\vendor\cakephp\cakephp\src\Http\Runner.php(65): Cake\Http\Middleware\CsrfProtectionMiddleware->__invoke(Object(Cake\Http\ServerRequest), Object(Cake\Http\Response), Object(Cake\Http\Runner))
#6 C:\Program Files (x86)\Ampps\www\ProjectFrederikSylvain\vendor\cakephp\cakephp\src\Routing\Middleware\RoutingMiddleware.php(156): Cake\Http\Runner->__invoke(Object(Cake\Http\ServerRequest), Object(Cake\Http\Response))
#7 C:\Program Files (x86)\Ampps\www\ProjectFrederikSylvain\vendor\cakephp\cakephp\src\Http\Runner.php(65): Cake\Routing\Middleware\RoutingMiddleware->__invoke(Object(Cake\Http\ServerRequest), Object(Cake\Http\Response), Object(Cake\Http\Runner))
#8 C:\Program Files (x86)\Ampps\www\ProjectFrederikSylvain\vendor\cakephp\cakephp\src\Routing\Middleware\AssetMiddleware.php(88): Cake\Http\Runner->__invoke(Object(Cake\Http\ServerRequest), Object(Cake\Http\Response))
#9 C:\Program Files (x86)\Ampps\www\ProjectFrederikSylvain\vendor\cakephp\cakephp\src\Http\Runner.php(65): Cake\Routing\Middleware\AssetMiddleware->__invoke(Object(Cake\Http\ServerRequest), Object(Cake\Http\Response), Object(Cake\Http\Runner))
#10 C:\Program Files (x86)\Ampps\www\ProjectFrederikSylvain\vendor\cakephp\cakephp\src\Error\Middleware\ErrorHandlerMiddleware.php(98): Cake\Http\Runner->__invoke(Object(Cake\Http\ServerRequest), Object(Cake\Http\Response))
#11 C:\Program Files (x86)\Ampps\www\ProjectFrederikSylvain\vendor\cakephp\cakephp\src\Http\Runner.php(65): Cake\Error\Middleware\ErrorHandlerMiddleware->__invoke(Object(Cake\Http\ServerRequest), Object(Cake\Http\Response), Object(Cake\Http\Runner))
#12 C:\Program Files (x86)\Ampps\www\ProjectFrederikSylvain\vendor\cakephp\debug_kit\src\Middleware\DebugKitMiddleware.php(53): Cake\Http\Runner->__invoke(Object(Cake\Http\ServerRequest), Object(Cake\Http\Response))
#13 C:\Program Files (x86)\Ampps\www\ProjectFrederikSylvain\vendor\cakephp\cakephp\src\Http\Runner.php(65): DebugKit\Middleware\DebugKitMiddleware->__invoke(Object(Cake\Http\ServerRequest), Object(Cake\Http\Response), Object(Cake\Http\Runner))
#14 C:\Program Files (x86)\Ampps\www\ProjectFrederikSylvain\vendor\cakephp\cakephp\src\Http\Runner.php(51): Cake\Http\Runner->__invoke(Object(Cake\Http\ServerRequest), Object(Cake\Http\Response))
#15 C:\Program Files (x86)\Ampps\www\ProjectFrederikSylvain\vendor\cakephp\cakephp\src\Http\Server.php(98): Cake\Http\Runner->run(Object(Cake\Http\MiddlewareQueue), Object(Cake\Http\ServerRequest), Object(Cake\Http\Response))
#16 C:\Program Files (x86)\Ampps\www\ProjectFrederikSylvain\webroot\index.php(40): Cake\Http\Server->run()
#17 {main}


2018-09-26 15:53:21 Error: [ParseError] syntax error, unexpected ','
Request URL: /users/add
Referer URL: http://localhost/ProjectFrederikSylvain/users
Stack Trace:
#0 C:\Program Files (x86)\Ampps\www\ProjectFrederikSylvain\vendor\cakephp\cakephp\src\View\View.php(1201): Cake\View\View->_evaluate('C:\\Program File...', Array)
#1 C:\Program Files (x86)\Ampps\www\ProjectFrederikSylvain\vendor\cakephp\cakephp\src\View\View.php(803): Cake\View\View->_render('C:\\Program File...')
#2 C:\Program Files (x86)\Ampps\www\ProjectFrederikSylvain\vendor\cakephp\cakephp\src\Controller\Controller.php(777): Cake\View\View->render(NULL, NULL)
#3 C:\Program Files (x86)\Ampps\www\ProjectFrederikSylvain\vendor\cakephp\cakephp\src\Http\ActionDispatcher.php(126): Cake\Controller\Controller->render()
#4 C:\Program Files (x86)\Ampps\www\ProjectFrederikSylvain\vendor\cakephp\cakephp\src\Http\ActionDispatcher.php(94): Cake\Http\ActionDispatcher->_invoke(Object(App\Controller\UsersController))
#5 C:\Program Files (x86)\Ampps\www\ProjectFrederikSylvain\vendor\cakephp\cakephp\src\Http\BaseApplication.php(235): Cake\Http\ActionDispatcher->dispatch(Object(Cake\Http\ServerRequest), Object(Cake\Http\Response))
#6 C:\Program Files (x86)\Ampps\www\ProjectFrederikSylvain\vendor\cakephp\cakephp\src\Http\Runner.php(65): Cake\Http\BaseApplication->__invoke(Object(Cake\Http\ServerRequest), Object(Cake\Http\Response), Object(Cake\Http\Runner))
#7 C:\Program Files (x86)\Ampps\www\ProjectFrederikSylvain\vendor\cakephp\cakephp\src\Http\Middleware\CsrfProtectionMiddleware.php(107): Cake\Http\Runner->__invoke(Object(Cake\Http\ServerRequest), Object(Cake\Http\Response))
#8 C:\Program Files (x86)\Ampps\www\ProjectFrederikSylvain\vendor\cakephp\cakephp\src\Http\Runner.php(65): Cake\Http\Middleware\CsrfProtectionMiddleware->__invoke(Object(Cake\Http\ServerRequest), Object(Cake\Http\Response), Object(Cake\Http\Runner))
#9 C:\Program Files (x86)\Ampps\www\ProjectFrederikSylvain\vendor\cakephp\cakephp\src\Routing\Middleware\RoutingMiddleware.php(156): Cake\Http\Runner->__invoke(Object(Cake\Http\ServerRequest), Object(Cake\Http\Response))
#10 C:\Program Files (x86)\Ampps\www\ProjectFrederikSylvain\vendor\cakephp\cakephp\src\Http\Runner.php(65): Cake\Routing\Middleware\RoutingMiddleware->__invoke(Object(Cake\Http\ServerRequest), Object(Cake\Http\Response), Object(Cake\Http\Runner))
#11 C:\Program Files (x86)\Ampps\www\ProjectFrederikSylvain\vendor\cakephp\cakephp\src\Routing\Middleware\AssetMiddleware.php(88): Cake\Http\Runner->__invoke(Object(Cake\Http\ServerRequest), Object(Cake\Http\Response))
#12 C:\Program Files (x86)\Ampps\www\ProjectFrederikSylvain\vendor\cakephp\cakephp\src\Http\Runner.php(65): Cake\Routing\Middleware\AssetMiddleware->__invoke(Object(Cake\Http\ServerRequest), Object(Cake\Http\Response), Object(Cake\Http\Runner))
#13 C:\Program Files (x86)\Ampps\www\ProjectFrederikSylvain\vendor\cakephp\cakephp\src\Error\Middleware\ErrorHandlerMiddleware.php(98): Cake\Http\Runner->__invoke(Object(Cake\Http\ServerRequest), Object(Cake\Http\Response))
#14 C:\Program Files (x86)\Ampps\www\ProjectFrederikSylvain\vendor\cakephp\cakephp\src\Http\Runner.php(65): Cake\Error\Middleware\ErrorHandlerMiddleware->__invoke(Object(Cake\Http\ServerRequest), Object(Cake\Http\Response), Object(Cake\Http\Runner))
#15 C:\Program Files (x86)\Ampps\www\ProjectFrederikSylvain\vendor\cakephp\debug_kit\src\Middleware\DebugKitMiddleware.php(53): Cake\Http\Runner->__invoke(Object(Cake\Http\ServerRequest), Object(Cake\Http\Response))
#16 C:\Program Files (x86)\Ampps\www\ProjectFrederikSylvain\vendor\cakephp\cakephp\src\Http\Runner.php(65): DebugKit\Middleware\DebugKitMiddleware->__invoke(Object(Cake\Http\ServerRequest), Object(Cake\Http\Response), Object(Cake\Http\Runner))
#17 C:\Program Files (x86)\Ampps\www\ProjectFrederikSylvain\vendor\cakephp\cakephp\src\Http\Runner.php(51): Cake\Http\Runner->__invoke(Object(Cake\Http\ServerRequest), Object(Cake\Http\Response))
#18 C:\Program Files (x86)\Ampps\www\ProjectFrederikSylvain\vendor\cakephp\cakephp\src\Http\Server.php(98): Cake\Http\Runner->run(Object(Cake\Http\MiddlewareQueue), Object(Cake\Http\ServerRequest), Object(Cake\Http\Response))
#19 C:\Program Files (x86)\Ampps\www\ProjectFrederikSylvain\webroot\index.php(40): Cake\Http\Server->run()
#20 {main}


2018-09-26 15:58:11 Error: [ParseError] syntax error, unexpected ','
Request URL: /users/add
Referer URL: http://localhost/ProjectFrederikSylvain/users
Stack Trace:
#0 C:\Program Files (x86)\Ampps\www\ProjectFrederikSylvain\vendor\cakephp\cakephp\src\View\View.php(1201): Cake\View\View->_evaluate('C:\\Program File...', Array)
#1 C:\Program Files (x86)\Ampps\www\ProjectFrederikSylvain\vendor\cakephp\cakephp\src\View\View.php(803): Cake\View\View->_render('C:\\Program File...')
#2 C:\Program Files (x86)\Ampps\www\ProjectFrederikSylvain\vendor\cakephp\cakephp\src\Controller\Controller.php(777): Cake\View\View->render(NULL, NULL)
#3 C:\Program Files (x86)\Ampps\www\ProjectFrederikSylvain\vendor\cakephp\cakephp\src\Http\ActionDispatcher.php(126): Cake\Controller\Controller->render()
#4 C:\Program Files (x86)\Ampps\www\ProjectFrederikSylvain\vendor\cakephp\cakephp\src\Http\ActionDispatcher.php(94): Cake\Http\ActionDispatcher->_invoke(Object(App\Controller\UsersController))
#5 C:\Program Files (x86)\Ampps\www\ProjectFrederikSylvain\vendor\cakephp\cakephp\src\Http\BaseApplication.php(235): Cake\Http\ActionDispatcher->dispatch(Object(Cake\Http\ServerRequest), Object(Cake\Http\Response))
#6 C:\Program Files (x86)\Ampps\www\ProjectFrederikSylvain\vendor\cakephp\cakephp\src\Http\Runner.php(65): Cake\Http\BaseApplication->__invoke(Object(Cake\Http\ServerRequest), Object(Cake\Http\Response), Object(Cake\Http\Runner))
#7 C:\Program Files (x86)\Ampps\www\ProjectFrederikSylvain\vendor\cakephp\cakephp\src\Http\Middleware\CsrfProtectionMiddleware.php(107): Cake\Http\Runner->__invoke(Object(Cake\Http\ServerRequest), Object(Cake\Http\Response))
#8 C:\Program Files (x86)\Ampps\www\ProjectFrederikSylvain\vendor\cakephp\cakephp\src\Http\Runner.php(65): Cake\Http\Middleware\CsrfProtectionMiddleware->__invoke(Object(Cake\Http\ServerRequest), Object(Cake\Http\Response), Object(Cake\Http\Runner))
#9 C:\Program Files (x86)\Ampps\www\ProjectFrederikSylvain\vendor\cakephp\cakephp\src\Routing\Middleware\RoutingMiddleware.php(156): Cake\Http\Runner->__invoke(Object(Cake\Http\ServerRequest), Object(Cake\Http\Response))
#10 C:\Program Files (x86)\Ampps\www\ProjectFrederikSylvain\vendor\cakephp\cakephp\src\Http\Runner.php(65): Cake\Routing\Middleware\RoutingMiddleware->__invoke(Object(Cake\Http\ServerRequest), Object(Cake\Http\Response), Object(Cake\Http\Runner))
#11 C:\Program Files (x86)\Ampps\www\ProjectFrederikSylvain\vendor\cakephp\cakephp\src\Routing\Middleware\AssetMiddleware.php(88): Cake\Http\Runner->__invoke(Object(Cake\Http\ServerRequest), Object(Cake\Http\Response))
#12 C:\Program Files (x86)\Ampps\www\ProjectFrederikSylvain\vendor\cakephp\cakephp\src\Http\Runner.php(65): Cake\Routing\Middleware\AssetMiddleware->__invoke(Object(Cake\Http\ServerRequest), Object(Cake\Http\Response), Object(Cake\Http\Runner))
#13 C:\Program Files (x86)\Ampps\www\ProjectFrederikSylvain\vendor\cakephp\cakephp\src\Error\Middleware\ErrorHandlerMiddleware.php(98): Cake\Http\Runner->__invoke(Object(Cake\Http\ServerRequest), Object(Cake\Http\Response))
#14 C:\Program Files (x86)\Ampps\www\ProjectFrederikSylvain\vendor\cakephp\cakephp\src\Http\Runner.php(65): Cake\Error\Middleware\ErrorHandlerMiddleware->__invoke(Object(Cake\Http\ServerRequest), Object(Cake\Http\Response), Object(Cake\Http\Runner))
#15 C:\Program Files (x86)\Ampps\www\ProjectFrederikSylvain\vendor\cakephp\debug_kit\src\Middleware\DebugKitMiddleware.php(53): Cake\Http\Runner->__invoke(Object(Cake\Http\ServerRequest), Object(Cake\Http\Response))
#16 C:\Program Files (x86)\Ampps\www\ProjectFrederikSylvain\vendor\cakephp\cakephp\src\Http\Runner.php(65): DebugKit\Middleware\DebugKitMiddleware->__invoke(Object(Cake\Http\ServerRequest), Object(Cake\Http\Response), Object(Cake\Http\Runner))
#17 C:\Program Files (x86)\Ampps\www\ProjectFrederikSylvain\vendor\cakephp\cakephp\src\Http\Runner.php(51): Cake\Http\Runner->__invoke(Object(Cake\Http\ServerRequest), Object(Cake\Http\Response))
#18 C:\Program Files (x86)\Ampps\www\ProjectFrederikSylvain\vendor\cakephp\cakephp\src\Http\Server.php(98): Cake\Http\Runner->run(Object(Cake\Http\MiddlewareQueue), Object(Cake\Http\ServerRequest), Object(Cake\Http\Response))
#19 C:\Program Files (x86)\Ampps\www\ProjectFrederikSylvain\webroot\index.php(40): Cake\Http\Server->run()
#20 {main}


2018-09-26 15:58:52 Error: [ParseError] syntax error, unexpected ','
Request URL: /users/add
Referer URL: http://localhost/ProjectFrederikSylvain/users
Stack Trace:
#0 C:\Program Files (x86)\Ampps\www\ProjectFrederikSylvain\vendor\cakephp\cakephp\src\View\View.php(1201): Cake\View\View->_evaluate('C:\\Program File...', Array)
#1 C:\Program Files (x86)\Ampps\www\ProjectFrederikSylvain\vendor\cakephp\cakephp\src\View\View.php(803): Cake\View\View->_render('C:\\Program File...')
#2 C:\Program Files (x86)\Ampps\www\ProjectFrederikSylvain\vendor\cakephp\cakephp\src\Controller\Controller.php(777): Cake\View\View->render(NULL, NULL)
#3 C:\Program Files (x86)\Ampps\www\ProjectFrederikSylvain\vendor\cakephp\cakephp\src\Http\ActionDispatcher.php(126): Cake\Controller\Controller->render()
#4 C:\Program Files (x86)\Ampps\www\ProjectFrederikSylvain\vendor\cakephp\cakephp\src\Http\ActionDispatcher.php(94): Cake\Http\ActionDispatcher->_invoke(Object(App\Controller\UsersController))
#5 C:\Program Files (x86)\Ampps\www\ProjectFrederikSylvain\vendor\cakephp\cakephp\src\Http\BaseApplication.php(235): Cake\Http\ActionDispatcher->dispatch(Object(Cake\Http\ServerRequest), Object(Cake\Http\Response))
#6 C:\Program Files (x86)\Ampps\www\ProjectFrederikSylvain\vendor\cakephp\cakephp\src\Http\Runner.php(65): Cake\Http\BaseApplication->__invoke(Object(Cake\Http\ServerRequest), Object(Cake\Http\Response), Object(Cake\Http\Runner))
#7 C:\Program Files (x86)\Ampps\www\ProjectFrederikSylvain\vendor\cakephp\cakephp\src\Http\Middleware\CsrfProtectionMiddleware.php(107): Cake\Http\Runner->__invoke(Object(Cake\Http\ServerRequest), Object(Cake\Http\Response))
#8 C:\Program Files (x86)\Ampps\www\ProjectFrederikSylvain\vendor\cakephp\cakephp\src\Http\Runner.php(65): Cake\Http\Middleware\CsrfProtectionMiddleware->__invoke(Object(Cake\Http\ServerRequest), Object(Cake\Http\Response), Object(Cake\Http\Runner))
#9 C:\Program Files (x86)\Ampps\www\ProjectFrederikSylvain\vendor\cakephp\cakephp\src\Routing\Middleware\RoutingMiddleware.php(156): Cake\Http\Runner->__invoke(Object(Cake\Http\ServerRequest), Object(Cake\Http\Response))
#10 C:\Program Files (x86)\Ampps\www\ProjectFrederikSylvain\vendor\cakephp\cakephp\src\Http\Runner.php(65): Cake\Routing\Middleware\RoutingMiddleware->__invoke(Object(Cake\Http\ServerRequest), Object(Cake\Http\Response), Object(Cake\Http\Runner))
#11 C:\Program Files (x86)\Ampps\www\ProjectFrederikSylvain\vendor\cakephp\cakephp\src\Routing\Middleware\AssetMiddleware.php(88): Cake\Http\Runner->__invoke(Object(Cake\Http\ServerRequest), Object(Cake\Http\Response))
#12 C:\Program Files (x86)\Ampps\www\ProjectFrederikSylvain\vendor\cakephp\cakephp\src\Http\Runner.php(65): Cake\Routing\Middleware\AssetMiddleware->__invoke(Object(Cake\Http\ServerRequest), Object(Cake\Http\Response), Object(Cake\Http\Runner))
#13 C:\Program Files (x86)\Ampps\www\ProjectFrederikSylvain\vendor\cakephp\cakephp\src\Error\Middleware\ErrorHandlerMiddleware.php(98): Cake\Http\Runner->__invoke(Object(Cake\Http\ServerRequest), Object(Cake\Http\Response))
#14 C:\Program Files (x86)\Ampps\www\ProjectFrederikSylvain\vendor\cakephp\cakephp\src\Http\Runner.php(65): Cake\Error\Middleware\ErrorHandlerMiddleware->__invoke(Object(Cake\Http\ServerRequest), Object(Cake\Http\Response), Object(Cake\Http\Runner))
#15 C:\Program Files (x86)\Ampps\www\ProjectFrederikSylvain\vendor\cakephp\debug_kit\src\Middleware\DebugKitMiddleware.php(53): Cake\Http\Runner->__invoke(Object(Cake\Http\ServerRequest), Object(Cake\Http\Response))
#16 C:\Program Files (x86)\Ampps\www\ProjectFrederikSylvain\vendor\cakephp\cakephp\src\Http\Runner.php(65): DebugKit\Middleware\DebugKitMiddleware->__invoke(Object(Cake\Http\ServerRequest), Object(Cake\Http\Response), Object(Cake\Http\Runner))
#17 C:\Program Files (x86)\Ampps\www\ProjectFrederikSylvain\vendor\cakephp\cakephp\src\Http\Runner.php(51): Cake\Http\Runner->__invoke(Object(Cake\Http\ServerRequest), Object(Cake\Http\Response))
#18 C:\Program Files (x86)\Ampps\www\ProjectFrederikSylvain\vendor\cakephp\cakephp\src\Http\Server.php(98): Cake\Http\Runner->run(Object(Cake\Http\MiddlewareQueue), Object(Cake\Http\ServerRequest), Object(Cake\Http\Response))
#19 C:\Program Files (x86)\Ampps\www\ProjectFrederikSylvain\webroot\index.php(40): Cake\Http\Server->run()
#20 {main}


2018-09-26 16:06:34 Error: [PDOException] SQLSTATE[23000]: Integrity constraint violation: 1452 Cannot add or update a child row: a foreign key constraint fails (`clientproduit`.`stores`, CONSTRAINT `stores_ibfk_1` FOREIGN KEY (`id_user`) REFERENCES `Users` (`id`) ON DELETE CASCADE ON UPDATE CASCADE)
Request URL: /stores/add
Referer URL: http://localhost/ProjectFrederikSylvain/stores/add
Stack Trace:
#0 C:\Program Files (x86)\Ampps\www\ProjectFrederikSylvain\vendor\cakephp\cakephp\src\Database\Statement\MysqlStatement.php(39): PDOStatement->execute(NULL)
#1 C:\Program Files (x86)\Ampps\www\ProjectFrederikSylvain\vendor\cakephp\cakephp\src\Database\Statement\StatementDecorator.php(195): Cake\Database\Statement\MysqlStatement->execute(NULL)
#2 C:\Program Files (x86)\Ampps\www\ProjectFrederikSylvain\vendor\cakephp\cakephp\src\Database\Log\LoggingStatement.php(56): Cake\Database\Statement\StatementDecorator->execute(NULL)
#3 C:\Program Files (x86)\Ampps\www\ProjectFrederikSylvain\vendor\cakephp\cakephp\src\Database\Connection.php(334): Cake\Database\Log\LoggingStatement->execute()
#4 C:\Program Files (x86)\Ampps\www\ProjectFrederikSylvain\vendor\cakephp\cakephp\src\Core\Retry\CommandRetry.php(68): Cake\Database\Connection->Cake\Database\{closure}()
#5 C:\Program Files (x86)\Ampps\www\ProjectFrederikSylvain\vendor\cakephp\cakephp\src\Database\Connection.php(337): Cake\Core\Retry\CommandRetry->run(Object(Closure))
#6 C:\Program Files (x86)\Ampps\www\ProjectFrederikSylvain\vendor\cakephp\cakephp\src\Database\Query.php(219): Cake\Database\Connection->run(Object(Cake\ORM\Query))
#7 C:\Program Files (x86)\Ampps\www\ProjectFrederikSylvain\vendor\cakephp\cakephp\src\ORM\Table.php(2107): Cake\Database\Query->execute()
#8 C:\Program Files (x86)\Ampps\www\ProjectFrederikSylvain\vendor\cakephp\cakephp\src\ORM\Table.php(2001): Cake\ORM\Table->_insert(Object(App\Model\Entity\Store), Array)
#9 C:\Program Files (x86)\Ampps\www\ProjectFrederikSylvain\vendor\cakephp\cakephp\src\ORM\Table.php(1914): Cake\ORM\Table->_processSave(Object(App\Model\Entity\Store), Object(ArrayObject))
#10 C:\Program Files (x86)\Ampps\www\ProjectFrederikSylvain\vendor\cakephp\cakephp\src\ORM\Table.php(1627): Cake\ORM\Table->Cake\ORM\{closure}()
#11 C:\Program Files (x86)\Ampps\www\ProjectFrederikSylvain\vendor\cakephp\cakephp\src\Database\Connection.php(726): Cake\ORM\Table->Cake\ORM\{closure}(Object(Cake\Database\Connection))
#12 C:\Program Files (x86)\Ampps\www\ProjectFrederikSylvain\vendor\cakephp\cakephp\src\ORM\Table.php(1628): Cake\Database\Connection->transactional(Object(Closure))
#13 C:\Program Files (x86)\Ampps\www\ProjectFrederikSylvain\vendor\cakephp\cakephp\src\ORM\Table.php(1915): Cake\ORM\Table->_executeTransaction(Object(Closure), true)
#14 C:\Program Files (x86)\Ampps\www\ProjectFrederikSylvain\src\Controller\StoresController.php(54): Cake\ORM\Table->save(Object(App\Model\Entity\Store))
#15 C:\Program Files (x86)\Ampps\www\ProjectFrederikSylvain\vendor\cakephp\cakephp\src\Controller\Controller.php(596): App\Controller\StoresController->add()
#16 C:\Program Files (x86)\Ampps\www\ProjectFrederikSylvain\vendor\cakephp\cakephp\src\Http\ActionDispatcher.php(120): Cake\Controller\Controller->invokeAction()
#17 C:\Program Files (x86)\Ampps\www\ProjectFrederikSylvain\vendor\cakephp\cakephp\src\Http\ActionDispatcher.php(94): Cake\Http\ActionDispatcher->_invoke(Object(App\Controller\StoresController))
#18 C:\Program Files (x86)\Ampps\www\ProjectFrederikSylvain\vendor\cakephp\cakephp\src\Http\BaseApplication.php(235): Cake\Http\ActionDispatcher->dispatch(Object(Cake\Http\ServerRequest), Object(Cake\Http\Response))
#19 C:\Program Files (x86)\Ampps\www\ProjectFrederikSylvain\vendor\cakephp\cakephp\src\Http\Runner.php(65): Cake\Http\BaseApplication->__invoke(Object(Cake\Http\ServerRequest), Object(Cake\Http\Response), Object(Cake\Http\Runner))
#20 C:\Program Files (x86)\Ampps\www\ProjectFrederikSylvain\vendor\cakephp\cakephp\src\Http\Middleware\CsrfProtectionMiddleware.php(107): Cake\Http\Runner->__invoke(Object(Cake\Http\ServerRequest), Object(Cake\Http\Response))
#21 C:\Program Files (x86)\Ampps\www\ProjectFrederikSylvain\vendor\cakephp\cakephp\src\Http\Runner.php(65): Cake\Http\Middleware\CsrfProtectionMiddleware->__invoke(Object(Cake\Http\ServerRequest), Object(Cake\Http\Response), Object(Cake\Http\Runner))
#22 C:\Program Files (x86)\Ampps\www\ProjectFrederikSylvain\vendor\cakephp\cakephp\src\Routing\Middleware\RoutingMiddleware.php(156): Cake\Http\Runner->__invoke(Object(Cake\Http\ServerRequest), Object(Cake\Http\Response))
#23 C:\Program Files (x86)\Ampps\www\ProjectFrederikSylvain\vendor\cakephp\cakephp\src\Http\Runner.php(65): Cake\Routing\Middleware\RoutingMiddleware->__invoke(Object(Cake\Http\ServerRequest), Object(Cake\Http\Response), Object(Cake\Http\Runner))
#24 C:\Program Files (x86)\Ampps\www\ProjectFrederikSylvain\vendor\cakephp\cakephp\src\Routing\Middleware\AssetMiddleware.php(88): Cake\Http\Runner->__invoke(Object(Cake\Http\ServerRequest), Object(Cake\Http\Response))
#25 C:\Program Files (x86)\Ampps\www\ProjectFrederikSylvain\vendor\cakephp\cakephp\src\Http\Runner.php(65): Cake\Routing\Middleware\AssetMiddleware->__invoke(Object(Cake\Http\ServerRequest), Object(Cake\Http\Response), Object(Cake\Http\Runner))
#26 C:\Program Files (x86)\Ampps\www\ProjectFrederikSylvain\vendor\cakephp\cakephp\src\Error\Middleware\ErrorHandlerMiddleware.php(98): Cake\Http\Runner->__invoke(Object(Cake\Http\ServerRequest), Object(Cake\Http\Response))
#27 C:\Program Files (x86)\Ampps\www\ProjectFrederikSylvain\vendor\cakephp\cakephp\src\Http\Runner.php(65): Cake\Error\Middleware\ErrorHandlerMiddleware->__invoke(Object(Cake\Http\ServerRequest), Object(Cake\Http\Response), Object(Cake\Http\Runner))
#28 C:\Program Files (x86)\Ampps\www\ProjectFrederikSylvain\vendor\cakephp\debug_kit\src\Middleware\DebugKitMiddleware.php(53): Cake\Http\Runner->__invoke(Object(Cake\Http\ServerRequest), Object(Cake\Http\Response))
#29 C:\Program Files (x86)\Ampps\www\ProjectFrederikSylvain\vendor\cakephp\cakephp\src\Http\Runner.php(65): DebugKit\Middleware\DebugKitMiddleware->__invoke(Object(Cake\Http\ServerRequest), Object(Cake\Http\Response), Object(Cake\Http\Runner))
#30 C:\Program Files (x86)\Ampps\www\ProjectFrederikSylvain\vendor\cakephp\cakephp\src\Http\Runner.php(51): Cake\Http\Runner->__invoke(Object(Cake\Http\ServerRequest), Object(Cake\Http\Response))
#31 C:\Program Files (x86)\Ampps\www\ProjectFrederikSylvain\vendor\cakephp\cakephp\src\Http\Server.php(98): Cake\Http\Runner->run(Object(Cake\Http\MiddlewareQueue), Object(Cake\Http\ServerRequest), Object(Cake\Http\Response))
#32 C:\Program Files (x86)\Ampps\www\ProjectFrederikSylvain\webroot\index.php(40): Cake\Http\Server->run()
#33 {main}


